[12.478s] DEBUG:colcon:Command line arguments: ['/usr/bin/colcon', 'build', '--packages-select', 'hyrian_track']
[12.479s] DEBUG:colcon:Parsed command line arguments: Namespace(allow_overriding=[], ament_cmake_args=None, base_paths=['.'], build_base='build', catkin_cmake_args=None, catkin_skip_building_tests=False, cmake_args=None, cmake_clean_cache=False, cmake_clean_first=False, cmake_force_configure=False, cmake_target=None, cmake_target_skip_unavailable=False, continue_on_error=False, event_handlers=None, executor='parallel', ignore_user_meta=False, install_base='install', log_base=None, log_level=None, main=<bound method BuildVerb.main of <colcon_core.verb.build.BuildVerb object at 0x7fa280f700>>, merge_install=False, metas=['./colcon.meta'], packages_above=None, packages_above_and_dependencies=None, packages_above_depth=None, packages_end=None, packages_ignore=None, packages_ignore_regex=None, packages_select=['hyrian_track'], packages_select_build_failed=False, packages_select_by_dep=None, packages_select_regex=None, packages_select_test_failures=False, packages_skip=None, packages_skip_build_finished=False, packages_skip_by_dep=None, packages_skip_regex=None, packages_skip_test_passed=False, packages_skip_up_to=None, packages_start=None, packages_up_to=None, packages_up_to_regex=None, parallel_workers=4, paths=None, symlink_install=False, test_result_base=None, verb_extension=<colcon_core.verb.build.BuildVerb object at 0x7fa280f700>, verb_name='build', verb_parser=<colcon_defaults.argument_parser.defaults.DefaultArgumentsDecorator object at 0x7fa280a850>)
[13.007s] Level 1:colcon.colcon_core.package_discovery:discover_packages(colcon_meta) check parameters
[13.007s] Level 1:colcon.colcon_core.package_discovery:discover_packages(recursive) check parameters
[13.007s] Level 1:colcon.colcon_core.package_discovery:discover_packages(ignore) check parameters
[13.008s] Level 1:colcon.colcon_core.package_discovery:discover_packages(path) check parameters
[13.008s] Level 1:colcon.colcon_core.package_discovery:discover_packages(colcon_meta) discover
[13.008s] Level 1:colcon.colcon_core.package_discovery:discover_packages(recursive) discover
[13.008s] INFO:colcon.colcon_core.package_discovery:Crawling recursively for packages in '/home/jetson/robot_ws/src/hyrian_foxy'
[13.009s] Level 1:colcon.colcon_core.package_identification:_identify(.) by extensions ['ignore', 'ignore_ament_install']
[13.009s] Level 1:colcon.colcon_core.package_identification:_identify(.) by extension 'ignore'
[13.009s] Level 1:colcon.colcon_core.package_identification:_identify(.) by extension 'ignore_ament_install'
[13.010s] Level 1:colcon.colcon_core.package_identification:_identify(.) by extensions ['colcon_pkg']
[13.010s] Level 1:colcon.colcon_core.package_identification:_identify(.) by extension 'colcon_pkg'
[13.010s] Level 1:colcon.colcon_core.package_identification:_identify(.) by extensions ['colcon_meta']
[13.010s] Level 1:colcon.colcon_core.package_identification:_identify(.) by extension 'colcon_meta'
[13.010s] Level 1:colcon.colcon_core.package_identification:_identify(.) by extensions ['ros']
[13.010s] Level 1:colcon.colcon_core.package_identification:_identify(.) by extension 'ros'
[13.056s] Level 1:colcon.colcon_core.package_identification:_identify(.) by extensions ['cmake', 'python']
[13.056s] Level 1:colcon.colcon_core.package_identification:_identify(.) by extension 'cmake'
[13.056s] Level 1:colcon.colcon_core.package_identification:_identify(.) by extension 'python'
[13.056s] Level 1:colcon.colcon_core.package_identification:_identify(.) by extensions ['python_setup_py']
[13.057s] Level 1:colcon.colcon_core.package_identification:_identify(.) by extension 'python_setup_py'
[13.057s] Level 1:colcon.colcon_core.package_identification:_identify(build) by extensions ['ignore', 'ignore_ament_install']
[13.058s] Level 1:colcon.colcon_core.package_identification:_identify(build) by extension 'ignore'
[13.058s] Level 1:colcon.colcon_core.package_identification:_identify(build) ignored
[13.058s] Level 1:colcon.colcon_core.package_identification:_identify(hyrian_bringup) by extensions ['ignore', 'ignore_ament_install']
[13.059s] Level 1:colcon.colcon_core.package_identification:_identify(hyrian_bringup) by extension 'ignore'
[13.059s] Level 1:colcon.colcon_core.package_identification:_identify(hyrian_bringup) by extension 'ignore_ament_install'
[13.059s] Level 1:colcon.colcon_core.package_identification:_identify(hyrian_bringup) by extensions ['colcon_pkg']
[13.059s] Level 1:colcon.colcon_core.package_identification:_identify(hyrian_bringup) by extension 'colcon_pkg'
[13.060s] Level 1:colcon.colcon_core.package_identification:_identify(hyrian_bringup) by extensions ['colcon_meta']
[13.060s] Level 1:colcon.colcon_core.package_identification:_identify(hyrian_bringup) by extension 'colcon_meta'
[13.060s] Level 1:colcon.colcon_core.package_identification:_identify(hyrian_bringup) by extensions ['ros']
[13.060s] Level 1:colcon.colcon_core.package_identification:_identify(hyrian_bringup) by extension 'ros'
[13.074s] DEBUG:colcon.colcon_core.package_identification:Package 'hyrian_bringup' with type 'ros.ament_python' and name 'hyrian_bringup'
[13.075s] Level 1:colcon.colcon_core.package_identification:_identify(hyrian_cartographer) by extensions ['ignore', 'ignore_ament_install']
[13.075s] Level 1:colcon.colcon_core.package_identification:_identify(hyrian_cartographer) by extension 'ignore'
[13.076s] Level 1:colcon.colcon_core.package_identification:_identify(hyrian_cartographer) by extension 'ignore_ament_install'
[13.076s] Level 1:colcon.colcon_core.package_identification:_identify(hyrian_cartographer) by extensions ['colcon_pkg']
[13.076s] Level 1:colcon.colcon_core.package_identification:_identify(hyrian_cartographer) by extension 'colcon_pkg'
[13.076s] Level 1:colcon.colcon_core.package_identification:_identify(hyrian_cartographer) by extensions ['colcon_meta']
[13.077s] Level 1:colcon.colcon_core.package_identification:_identify(hyrian_cartographer) by extension 'colcon_meta'
[13.077s] Level 1:colcon.colcon_core.package_identification:_identify(hyrian_cartographer) by extensions ['ros']
[13.077s] Level 1:colcon.colcon_core.package_identification:_identify(hyrian_cartographer) by extension 'ros'
[13.079s] DEBUG:colcon.colcon_core.package_identification:Package 'hyrian_cartographer' with type 'ros.ament_cmake' and name 'hyrian_cartographer'
[13.080s] Level 1:colcon.colcon_core.package_identification:_identify(hyrian_description) by extensions ['ignore', 'ignore_ament_install']
[13.080s] Level 1:colcon.colcon_core.package_identification:_identify(hyrian_description) by extension 'ignore'
[13.080s] Level 1:colcon.colcon_core.package_identification:_identify(hyrian_description) by extension 'ignore_ament_install'
[13.081s] Level 1:colcon.colcon_core.package_identification:_identify(hyrian_description) by extensions ['colcon_pkg']
[13.081s] Level 1:colcon.colcon_core.package_identification:_identify(hyrian_description) by extension 'colcon_pkg'
[13.081s] Level 1:colcon.colcon_core.package_identification:_identify(hyrian_description) by extensions ['colcon_meta']
[13.081s] Level 1:colcon.colcon_core.package_identification:_identify(hyrian_description) by extension 'colcon_meta'
[13.081s] Level 1:colcon.colcon_core.package_identification:_identify(hyrian_description) by extensions ['ros']
[13.082s] Level 1:colcon.colcon_core.package_identification:_identify(hyrian_description) by extension 'ros'
[13.085s] DEBUG:colcon.colcon_core.package_identification:Package 'hyrian_description' with type 'ros.ament_python' and name 'hyrian_description'
[13.086s] Level 1:colcon.colcon_core.package_identification:_identify(hyrian_gazebo) by extensions ['ignore', 'ignore_ament_install']
[13.086s] Level 1:colcon.colcon_core.package_identification:_identify(hyrian_gazebo) by extension 'ignore'
[13.086s] Level 1:colcon.colcon_core.package_identification:_identify(hyrian_gazebo) by extension 'ignore_ament_install'
[13.086s] Level 1:colcon.colcon_core.package_identification:_identify(hyrian_gazebo) by extensions ['colcon_pkg']
[13.087s] Level 1:colcon.colcon_core.package_identification:_identify(hyrian_gazebo) by extension 'colcon_pkg'
[13.087s] Level 1:colcon.colcon_core.package_identification:_identify(hyrian_gazebo) by extensions ['colcon_meta']
[13.087s] Level 1:colcon.colcon_core.package_identification:_identify(hyrian_gazebo) by extension 'colcon_meta'
[13.087s] Level 1:colcon.colcon_core.package_identification:_identify(hyrian_gazebo) by extensions ['ros']
[13.087s] Level 1:colcon.colcon_core.package_identification:_identify(hyrian_gazebo) by extension 'ros'
[13.091s] DEBUG:colcon.colcon_core.package_identification:Package 'hyrian_gazebo' with type 'ros.ament_cmake' and name 'hyrian_gazebo'
[13.092s] Level 1:colcon.colcon_core.package_identification:_identify(hyrian_interfaces) by extensions ['ignore', 'ignore_ament_install']
[13.092s] Level 1:colcon.colcon_core.package_identification:_identify(hyrian_interfaces) by extension 'ignore'
[13.092s] Level 1:colcon.colcon_core.package_identification:_identify(hyrian_interfaces) by extension 'ignore_ament_install'
[13.093s] Level 1:colcon.colcon_core.package_identification:_identify(hyrian_interfaces) by extensions ['colcon_pkg']
[13.093s] Level 1:colcon.colcon_core.package_identification:_identify(hyrian_interfaces) by extension 'colcon_pkg'
[13.093s] Level 1:colcon.colcon_core.package_identification:_identify(hyrian_interfaces) by extensions ['colcon_meta']
[13.093s] Level 1:colcon.colcon_core.package_identification:_identify(hyrian_interfaces) by extension 'colcon_meta'
[13.093s] Level 1:colcon.colcon_core.package_identification:_identify(hyrian_interfaces) by extensions ['ros']
[13.094s] Level 1:colcon.colcon_core.package_identification:_identify(hyrian_interfaces) by extension 'ros'
[13.095s] DEBUG:colcon.colcon_core.package_identification:Package 'hyrian_interfaces' with type 'ros.ament_cmake' and name 'hyrian_interfaces'
[13.096s] Level 1:colcon.colcon_core.package_identification:_identify(hyrian_motion) by extensions ['ignore', 'ignore_ament_install']
[13.096s] Level 1:colcon.colcon_core.package_identification:_identify(hyrian_motion) by extension 'ignore'
[13.096s] Level 1:colcon.colcon_core.package_identification:_identify(hyrian_motion) by extension 'ignore_ament_install'
[13.097s] Level 1:colcon.colcon_core.package_identification:_identify(hyrian_motion) by extensions ['colcon_pkg']
[13.097s] Level 1:colcon.colcon_core.package_identification:_identify(hyrian_motion) by extension 'colcon_pkg'
[13.097s] Level 1:colcon.colcon_core.package_identification:_identify(hyrian_motion) by extensions ['colcon_meta']
[13.097s] Level 1:colcon.colcon_core.package_identification:_identify(hyrian_motion) by extension 'colcon_meta'
[13.097s] Level 1:colcon.colcon_core.package_identification:_identify(hyrian_motion) by extensions ['ros']
[13.098s] Level 1:colcon.colcon_core.package_identification:_identify(hyrian_motion) by extension 'ros'
[13.102s] DEBUG:colcon.colcon_core.package_identification:Package 'hyrian_motion' with type 'ros.ament_cmake' and name 'hyrian_motion'
[13.102s] Level 1:colcon.colcon_core.package_identification:_identify(hyrian_navigation2) by extensions ['ignore', 'ignore_ament_install']
[13.103s] Level 1:colcon.colcon_core.package_identification:_identify(hyrian_navigation2) by extension 'ignore'
[13.103s] Level 1:colcon.colcon_core.package_identification:_identify(hyrian_navigation2) by extension 'ignore_ament_install'
[13.103s] Level 1:colcon.colcon_core.package_identification:_identify(hyrian_navigation2) by extensions ['colcon_pkg']
[13.103s] Level 1:colcon.colcon_core.package_identification:_identify(hyrian_navigation2) by extension 'colcon_pkg'
[13.103s] Level 1:colcon.colcon_core.package_identification:_identify(hyrian_navigation2) by extensions ['colcon_meta']
[13.103s] Level 1:colcon.colcon_core.package_identification:_identify(hyrian_navigation2) by extension 'colcon_meta'
[13.104s] Level 1:colcon.colcon_core.package_identification:_identify(hyrian_navigation2) by extensions ['ros']
[13.104s] Level 1:colcon.colcon_core.package_identification:_identify(hyrian_navigation2) by extension 'ros'
[13.110s] DEBUG:colcon.colcon_core.package_identification:Package 'hyrian_navigation2' with type 'ros.ament_cmake' and name 'hyrian_navigation2'
[13.110s] Level 1:colcon.colcon_core.package_identification:_identify(hyrian_node) by extensions ['ignore', 'ignore_ament_install']
[13.111s] Level 1:colcon.colcon_core.package_identification:_identify(hyrian_node) by extension 'ignore'
[13.111s] Level 1:colcon.colcon_core.package_identification:_identify(hyrian_node) by extension 'ignore_ament_install'
[13.111s] Level 1:colcon.colcon_core.package_identification:_identify(hyrian_node) by extensions ['colcon_pkg']
[13.111s] Level 1:colcon.colcon_core.package_identification:_identify(hyrian_node) by extension 'colcon_pkg'
[13.112s] Level 1:colcon.colcon_core.package_identification:_identify(hyrian_node) by extensions ['colcon_meta']
[13.112s] Level 1:colcon.colcon_core.package_identification:_identify(hyrian_node) by extension 'colcon_meta'
[13.112s] Level 1:colcon.colcon_core.package_identification:_identify(hyrian_node) by extensions ['ros']
[13.112s] Level 1:colcon.colcon_core.package_identification:_identify(hyrian_node) by extension 'ros'
[13.115s] DEBUG:colcon.colcon_core.package_identification:Package 'hyrian_node' with type 'ros.ament_cmake' and name 'hyrian_node'
[13.116s] Level 1:colcon.colcon_core.package_identification:_identify(hyrian_sensor) by extensions ['ignore', 'ignore_ament_install']
[13.116s] Level 1:colcon.colcon_core.package_identification:_identify(hyrian_sensor) by extension 'ignore'
[13.116s] Level 1:colcon.colcon_core.package_identification:_identify(hyrian_sensor) by extension 'ignore_ament_install'
[13.116s] Level 1:colcon.colcon_core.package_identification:_identify(hyrian_sensor) by extensions ['colcon_pkg']
[13.117s] Level 1:colcon.colcon_core.package_identification:_identify(hyrian_sensor) by extension 'colcon_pkg'
[13.117s] Level 1:colcon.colcon_core.package_identification:_identify(hyrian_sensor) by extensions ['colcon_meta']
[13.117s] Level 1:colcon.colcon_core.package_identification:_identify(hyrian_sensor) by extension 'colcon_meta'
[13.117s] Level 1:colcon.colcon_core.package_identification:_identify(hyrian_sensor) by extensions ['ros']
[13.117s] Level 1:colcon.colcon_core.package_identification:_identify(hyrian_sensor) by extension 'ros'
[13.118s] Level 1:colcon.colcon_core.package_identification:_identify(hyrian_sensor) by extensions ['cmake', 'python']
[13.118s] Level 1:colcon.colcon_core.package_identification:_identify(hyrian_sensor) by extension 'cmake'
[13.118s] Level 1:colcon.colcon_core.package_identification:_identify(hyrian_sensor) by extension 'python'
[13.118s] Level 1:colcon.colcon_core.package_identification:_identify(hyrian_sensor) by extensions ['python_setup_py']
[13.118s] Level 1:colcon.colcon_core.package_identification:_identify(hyrian_sensor) by extension 'python_setup_py'
[13.119s] Level 1:colcon.colcon_core.package_identification:_identify(hyrian_sensor/hyrian_imu) by extensions ['ignore', 'ignore_ament_install']
[13.119s] Level 1:colcon.colcon_core.package_identification:_identify(hyrian_sensor/hyrian_imu) by extension 'ignore'
[13.119s] Level 1:colcon.colcon_core.package_identification:_identify(hyrian_sensor/hyrian_imu) by extension 'ignore_ament_install'
[13.119s] Level 1:colcon.colcon_core.package_identification:_identify(hyrian_sensor/hyrian_imu) by extensions ['colcon_pkg']
[13.120s] Level 1:colcon.colcon_core.package_identification:_identify(hyrian_sensor/hyrian_imu) by extension 'colcon_pkg'
[13.120s] Level 1:colcon.colcon_core.package_identification:_identify(hyrian_sensor/hyrian_imu) by extensions ['colcon_meta']
[13.120s] Level 1:colcon.colcon_core.package_identification:_identify(hyrian_sensor/hyrian_imu) by extension 'colcon_meta'
[13.120s] Level 1:colcon.colcon_core.package_identification:_identify(hyrian_sensor/hyrian_imu) by extensions ['ros']
[13.120s] Level 1:colcon.colcon_core.package_identification:_identify(hyrian_sensor/hyrian_imu) by extension 'ros'
[13.125s] DEBUG:colcon.colcon_core.package_identification:Package 'hyrian_sensor/hyrian_imu' with type 'ros.ament_cmake' and name 'hyrian_imu'
[13.125s] Level 1:colcon.colcon_core.package_identification:_identify(hyrian_sensor/hyrian_lidar) by extensions ['ignore', 'ignore_ament_install']
[13.125s] Level 1:colcon.colcon_core.package_identification:_identify(hyrian_sensor/hyrian_lidar) by extension 'ignore'
[13.126s] Level 1:colcon.colcon_core.package_identification:_identify(hyrian_sensor/hyrian_lidar) by extension 'ignore_ament_install'
[13.126s] Level 1:colcon.colcon_core.package_identification:_identify(hyrian_sensor/hyrian_lidar) by extensions ['colcon_pkg']
[13.126s] Level 1:colcon.colcon_core.package_identification:_identify(hyrian_sensor/hyrian_lidar) by extension 'colcon_pkg'
[13.126s] Level 1:colcon.colcon_core.package_identification:_identify(hyrian_sensor/hyrian_lidar) by extensions ['colcon_meta']
[13.126s] Level 1:colcon.colcon_core.package_identification:_identify(hyrian_sensor/hyrian_lidar) by extension 'colcon_meta'
[13.127s] Level 1:colcon.colcon_core.package_identification:_identify(hyrian_sensor/hyrian_lidar) by extensions ['ros']
[13.127s] Level 1:colcon.colcon_core.package_identification:_identify(hyrian_sensor/hyrian_lidar) by extension 'ros'
[13.129s] DEBUG:colcon.colcon_core.package_identification:Package 'hyrian_sensor/hyrian_lidar' with type 'ros.ament_cmake' and name 'hyrian_lidar'
[13.129s] Level 1:colcon.colcon_core.package_identification:_identify(hyrian_sensor/hyrian_sensor) by extensions ['ignore', 'ignore_ament_install']
[13.129s] Level 1:colcon.colcon_core.package_identification:_identify(hyrian_sensor/hyrian_sensor) by extension 'ignore'
[13.130s] Level 1:colcon.colcon_core.package_identification:_identify(hyrian_sensor/hyrian_sensor) by extension 'ignore_ament_install'
[13.130s] Level 1:colcon.colcon_core.package_identification:_identify(hyrian_sensor/hyrian_sensor) by extensions ['colcon_pkg']
[13.130s] Level 1:colcon.colcon_core.package_identification:_identify(hyrian_sensor/hyrian_sensor) by extension 'colcon_pkg'
[13.130s] Level 1:colcon.colcon_core.package_identification:_identify(hyrian_sensor/hyrian_sensor) by extensions ['colcon_meta']
[13.130s] Level 1:colcon.colcon_core.package_identification:_identify(hyrian_sensor/hyrian_sensor) by extension 'colcon_meta'
[13.131s] Level 1:colcon.colcon_core.package_identification:_identify(hyrian_sensor/hyrian_sensor) by extensions ['ros']
[13.131s] Level 1:colcon.colcon_core.package_identification:_identify(hyrian_sensor/hyrian_sensor) by extension 'ros'
[13.134s] DEBUG:colcon.colcon_core.package_identification:Package 'hyrian_sensor/hyrian_sensor' with type 'ros.ament_cmake' and name 'hyrian_sensor'
[13.134s] Level 1:colcon.colcon_core.package_identification:_identify(hyrian_teleop) by extensions ['ignore', 'ignore_ament_install']
[13.135s] Level 1:colcon.colcon_core.package_identification:_identify(hyrian_teleop) by extension 'ignore'
[13.135s] Level 1:colcon.colcon_core.package_identification:_identify(hyrian_teleop) by extension 'ignore_ament_install'
[13.135s] Level 1:colcon.colcon_core.package_identification:_identify(hyrian_teleop) by extensions ['colcon_pkg']
[13.135s] Level 1:colcon.colcon_core.package_identification:_identify(hyrian_teleop) by extension 'colcon_pkg'
[13.136s] Level 1:colcon.colcon_core.package_identification:_identify(hyrian_teleop) by extensions ['colcon_meta']
[13.136s] Level 1:colcon.colcon_core.package_identification:_identify(hyrian_teleop) by extension 'colcon_meta'
[13.136s] Level 1:colcon.colcon_core.package_identification:_identify(hyrian_teleop) by extensions ['ros']
[13.136s] Level 1:colcon.colcon_core.package_identification:_identify(hyrian_teleop) by extension 'ros'
[13.138s] DEBUG:colcon.colcon_core.package_identification:Package 'hyrian_teleop' with type 'ros.ament_python' and name 'hyrian_teleop'
[13.139s] Level 1:colcon.colcon_core.package_identification:_identify(hyrian_track) by extensions ['ignore', 'ignore_ament_install']
[13.139s] Level 1:colcon.colcon_core.package_identification:_identify(hyrian_track) by extension 'ignore'
[13.139s] Level 1:colcon.colcon_core.package_identification:_identify(hyrian_track) by extension 'ignore_ament_install'
[13.140s] Level 1:colcon.colcon_core.package_identification:_identify(hyrian_track) by extensions ['colcon_pkg']
[13.140s] Level 1:colcon.colcon_core.package_identification:_identify(hyrian_track) by extension 'colcon_pkg'
[13.140s] Level 1:colcon.colcon_core.package_identification:_identify(hyrian_track) by extensions ['colcon_meta']
[13.140s] Level 1:colcon.colcon_core.package_identification:_identify(hyrian_track) by extension 'colcon_meta'
[13.141s] Level 1:colcon.colcon_core.package_identification:_identify(hyrian_track) by extensions ['ros']
[13.141s] Level 1:colcon.colcon_core.package_identification:_identify(hyrian_track) by extension 'ros'
[13.144s] DEBUG:colcon.colcon_core.package_identification:Package 'hyrian_track' with type 'ros.ament_cmake' and name 'hyrian_track'
[13.145s] Level 1:colcon.colcon_core.package_identification:_identify(install) by extensions ['ignore', 'ignore_ament_install']
[13.145s] Level 1:colcon.colcon_core.package_identification:_identify(install) by extension 'ignore'
[13.145s] Level 1:colcon.colcon_core.package_identification:_identify(install) ignored
[13.146s] Level 1:colcon.colcon_core.package_identification:_identify(log) by extensions ['ignore', 'ignore_ament_install']
[13.146s] Level 1:colcon.colcon_core.package_identification:_identify(log) by extension 'ignore'
[13.146s] Level 1:colcon.colcon_core.package_identification:_identify(log) ignored
[13.147s] Level 1:colcon.colcon_core.package_discovery:discover_packages(recursive) using defaults
[13.147s] Level 1:colcon.colcon_core.package_discovery:discover_packages(ignore) discover
[13.147s] Level 1:colcon.colcon_core.package_discovery:discover_packages(ignore) using defaults
[13.147s] Level 1:colcon.colcon_core.package_discovery:discover_packages(path) discover
[13.147s] Level 1:colcon.colcon_core.package_discovery:discover_packages(path) using defaults
[13.861s] INFO:colcon.colcon_core.package_selection:Skipping not selected package 'hyrian_cartographer' in 'hyrian_cartographer'
[13.861s] INFO:colcon.colcon_core.package_selection:Skipping not selected package 'hyrian_description' in 'hyrian_description'
[13.861s] INFO:colcon.colcon_core.package_selection:Skipping not selected package 'hyrian_gazebo' in 'hyrian_gazebo'
[13.862s] INFO:colcon.colcon_core.package_selection:Skipping not selected package 'hyrian_imu' in 'hyrian_sensor/hyrian_imu'
[13.862s] INFO:colcon.colcon_core.package_selection:Skipping not selected package 'hyrian_interfaces' in 'hyrian_interfaces'
[13.862s] INFO:colcon.colcon_core.package_selection:Skipping not selected package 'hyrian_lidar' in 'hyrian_sensor/hyrian_lidar'
[13.862s] INFO:colcon.colcon_core.package_selection:Skipping not selected package 'hyrian_node' in 'hyrian_node'
[13.862s] INFO:colcon.colcon_core.package_selection:Skipping not selected package 'hyrian_teleop' in 'hyrian_teleop'
[13.862s] INFO:colcon.colcon_core.package_selection:Skipping not selected package 'hyrian_bringup' in 'hyrian_bringup'
[13.862s] INFO:colcon.colcon_core.package_selection:Skipping not selected package 'hyrian_motion' in 'hyrian_motion'
[13.862s] INFO:colcon.colcon_core.package_selection:Skipping not selected package 'hyrian_navigation2' in 'hyrian_navigation2'
[13.863s] INFO:colcon.colcon_core.package_selection:Skipping not selected package 'hyrian_sensor' in 'hyrian_sensor/hyrian_sensor'
[14.280s] Level 1:colcon.colcon_core.package_discovery:discover_packages(prefix_path) check parameters
[14.280s] Level 1:colcon.colcon_core.package_discovery:discover_packages(prefix_path) discover
[14.708s] DEBUG:colcon.colcon_installed_package_information.package_discovery:Found 15 installed packages in /home/jetson/robot_ws/install
[14.924s] DEBUG:colcon.colcon_installed_package_information.package_discovery:Found 260 installed packages in /opt/ros/foxy
[14.933s] Level 1:colcon.colcon_core.package_discovery:discover_packages(prefix_path) using defaults
[15.739s] Level 5:colcon.colcon_core.verb:set package 'hyrian_track' build argument 'cmake_args' from command line to 'None'
[15.740s] Level 5:colcon.colcon_core.verb:set package 'hyrian_track' build argument 'cmake_target' from command line to 'None'
[15.740s] Level 5:colcon.colcon_core.verb:set package 'hyrian_track' build argument 'cmake_target_skip_unavailable' from command line to 'False'
[15.740s] Level 5:colcon.colcon_core.verb:set package 'hyrian_track' build argument 'cmake_clean_cache' from command line to 'False'
[15.740s] Level 5:colcon.colcon_core.verb:set package 'hyrian_track' build argument 'cmake_clean_first' from command line to 'False'
[15.740s] Level 5:colcon.colcon_core.verb:set package 'hyrian_track' build argument 'cmake_force_configure' from command line to 'False'
[15.740s] Level 5:colcon.colcon_core.verb:set package 'hyrian_track' build argument 'ament_cmake_args' from command line to 'None'
[15.740s] Level 5:colcon.colcon_core.verb:set package 'hyrian_track' build argument 'catkin_cmake_args' from command line to 'None'
[15.741s] Level 5:colcon.colcon_core.verb:set package 'hyrian_track' build argument 'catkin_skip_building_tests' from command line to 'False'
[15.741s] DEBUG:colcon.colcon_core.verb:Building package 'hyrian_track' with the following arguments: {'ament_cmake_args': None, 'build_base': '/home/jetson/robot_ws/src/hyrian_foxy/build/hyrian_track', 'catkin_cmake_args': None, 'catkin_skip_building_tests': False, 'cmake_args': None, 'cmake_clean_cache': False, 'cmake_clean_first': False, 'cmake_force_configure': False, 'cmake_target': None, 'cmake_target_skip_unavailable': False, 'install_base': '/home/jetson/robot_ws/src/hyrian_foxy/install/hyrian_track', 'merge_install': False, 'path': '/home/jetson/robot_ws/src/hyrian_foxy/hyrian_track', 'symlink_install': False, 'test_result_base': None}
[15.950s] INFO:colcon.colcon_core.executor:Executing jobs using 'parallel' executor
[16.164s] DEBUG:colcon.colcon_parallel_executor.executor.parallel:run_until_complete
[16.165s] INFO:colcon.colcon_ros.task.ament_cmake.build:Building ROS package in '/home/jetson/robot_ws/src/hyrian_foxy/hyrian_track' with build type 'ament_cmake'
[16.165s] INFO:colcon.colcon_cmake.task.cmake.build:Building CMake package in '/home/jetson/robot_ws/src/hyrian_foxy/hyrian_track'
[16.397s] INFO:colcon.colcon_core.plugin_system:Skipping extension 'colcon_core.shell.bat': Not used on non-Windows systems
[16.398s] INFO:colcon.colcon_core.shell:Skip shell extension 'powershell' for command environment: Not usable outside of PowerShell
[16.398s] DEBUG:colcon.colcon_core.shell:Skip shell extension 'dsv' for command environment
[17.111s] DEBUG:colcon.colcon_core.event_handler.log_command:Invoking command in '/home/jetson/robot_ws/src/hyrian_foxy/build/hyrian_track': CMAKE_PREFIX_PATH=${CMAKE_PREFIX_PATH}:/home/jetson/robot_ws/install/hyrian_teleop:/home/jetson/robot_ws/install/hyrian_description:/opt/ros/foxy /usr/bin/cmake --build /home/jetson/robot_ws/src/hyrian_foxy/build/hyrian_track -- -j4 -l4
[70.947s] DEBUG:colcon.colcon_core.event_handler.log_command:Invoked command in '/home/jetson/robot_ws/src/hyrian_foxy/build/hyrian_track' returned '0': CMAKE_PREFIX_PATH=${CMAKE_PREFIX_PATH}:/home/jetson/robot_ws/install/hyrian_teleop:/home/jetson/robot_ws/install/hyrian_description:/opt/ros/foxy /usr/bin/cmake --build /home/jetson/robot_ws/src/hyrian_foxy/build/hyrian_track -- -j4 -l4
[71.093s] DEBUG:colcon.colcon_core.event_handler.log_command:Invoking command in '/home/jetson/robot_ws/src/hyrian_foxy/build/hyrian_track': CMAKE_PREFIX_PATH=${CMAKE_PREFIX_PATH}:/home/jetson/robot_ws/install/hyrian_teleop:/home/jetson/robot_ws/install/hyrian_description:/opt/ros/foxy /usr/bin/cmake --install /home/jetson/robot_ws/src/hyrian_foxy/build/hyrian_track
[71.158s] Level 1:colcon.colcon_core.environment:create_environment_scripts_only(hyrian_track)
[71.161s] DEBUG:colcon.colcon_core.event_handler.log_command:Invoked command in '/home/jetson/robot_ws/src/hyrian_foxy/build/hyrian_track' returned '0': CMAKE_PREFIX_PATH=${CMAKE_PREFIX_PATH}:/home/jetson/robot_ws/install/hyrian_teleop:/home/jetson/robot_ws/install/hyrian_description:/opt/ros/foxy /usr/bin/cmake --install /home/jetson/robot_ws/src/hyrian_foxy/build/hyrian_track
[71.397s] Level 1:colcon.colcon_core.environment:checking '/home/jetson/robot_ws/src/hyrian_foxy/install/hyrian_track' for CMake module files
[71.400s] Level 1:colcon.colcon_core.environment:checking '/home/jetson/robot_ws/src/hyrian_foxy/install/hyrian_track' for CMake config files
[71.401s] Level 1:colcon.colcon_core.shell:create_environment_hook('hyrian_track', 'cmake_prefix_path')
[71.624s] INFO:colcon.colcon_core.shell:Creating environment hook '/home/jetson/robot_ws/src/hyrian_foxy/install/hyrian_track/share/hyrian_track/hook/cmake_prefix_path.ps1'
[71.628s] INFO:colcon.colcon_core.shell:Creating environment descriptor '/home/jetson/robot_ws/src/hyrian_foxy/install/hyrian_track/share/hyrian_track/hook/cmake_prefix_path.dsv'
[71.630s] INFO:colcon.colcon_core.shell:Creating environment hook '/home/jetson/robot_ws/src/hyrian_foxy/install/hyrian_track/share/hyrian_track/hook/cmake_prefix_path.sh'
[71.634s] Level 1:colcon.colcon_core.environment:checking '/home/jetson/robot_ws/src/hyrian_foxy/install/hyrian_track/lib'
[71.634s] Level 1:colcon.colcon_core.environment:checking '/home/jetson/robot_ws/src/hyrian_foxy/install/hyrian_track/bin'
[71.635s] Level 1:colcon.colcon_core.environment:checking '/home/jetson/robot_ws/src/hyrian_foxy/install/hyrian_track/lib/pkgconfig/hyrian_track.pc'
[71.636s] Level 1:colcon.colcon_core.environment:checking '/home/jetson/robot_ws/src/hyrian_foxy/install/hyrian_track/lib/python3.8/site-packages'
[71.636s] Level 1:colcon.colcon_core.environment:checking '/home/jetson/robot_ws/src/hyrian_foxy/install/hyrian_track/bin'
[71.857s] INFO:colcon.colcon_core.shell:Creating package script '/home/jetson/robot_ws/src/hyrian_foxy/install/hyrian_track/share/hyrian_track/package.ps1'
[71.861s] INFO:colcon.colcon_core.shell:Creating package descriptor '/home/jetson/robot_ws/src/hyrian_foxy/install/hyrian_track/share/hyrian_track/package.dsv'
[71.864s] INFO:colcon.colcon_core.shell:Creating package script '/home/jetson/robot_ws/src/hyrian_foxy/install/hyrian_track/share/hyrian_track/package.sh'
[71.867s] INFO:colcon.colcon_core.shell:Creating package script '/home/jetson/robot_ws/src/hyrian_foxy/install/hyrian_track/share/hyrian_track/package.bash'
[71.870s] INFO:colcon.colcon_core.shell:Creating package script '/home/jetson/robot_ws/src/hyrian_foxy/install/hyrian_track/share/hyrian_track/package.zsh'
[71.872s] Level 1:colcon.colcon_core.environment:create_file_with_runtime_dependencies(/home/jetson/robot_ws/src/hyrian_foxy/install/hyrian_track/share/colcon-core/packages/hyrian_track)
[72.198s] Level 1:colcon.colcon_core.environment:create_environment_scripts_only(hyrian_track)
[72.479s] Level 1:colcon.colcon_core.environment:checking '/home/jetson/robot_ws/src/hyrian_foxy/install/hyrian_track' for CMake module files
[72.482s] Level 1:colcon.colcon_core.environment:checking '/home/jetson/robot_ws/src/hyrian_foxy/install/hyrian_track' for CMake config files
[72.483s] Level 1:colcon.colcon_core.shell:create_environment_hook('hyrian_track', 'cmake_prefix_path')
[72.704s] INFO:colcon.colcon_core.shell:Creating environment hook '/home/jetson/robot_ws/src/hyrian_foxy/install/hyrian_track/share/hyrian_track/hook/cmake_prefix_path.ps1'
[72.706s] INFO:colcon.colcon_core.shell:Creating environment descriptor '/home/jetson/robot_ws/src/hyrian_foxy/install/hyrian_track/share/hyrian_track/hook/cmake_prefix_path.dsv'
[72.707s] INFO:colcon.colcon_core.shell:Creating environment hook '/home/jetson/robot_ws/src/hyrian_foxy/install/hyrian_track/share/hyrian_track/hook/cmake_prefix_path.sh'
[72.709s] Level 1:colcon.colcon_core.environment:checking '/home/jetson/robot_ws/src/hyrian_foxy/install/hyrian_track/lib'
[72.710s] Level 1:colcon.colcon_core.environment:checking '/home/jetson/robot_ws/src/hyrian_foxy/install/hyrian_track/bin'
[72.710s] Level 1:colcon.colcon_core.environment:checking '/home/jetson/robot_ws/src/hyrian_foxy/install/hyrian_track/lib/pkgconfig/hyrian_track.pc'
[72.711s] Level 1:colcon.colcon_core.environment:checking '/home/jetson/robot_ws/src/hyrian_foxy/install/hyrian_track/lib/python3.8/site-packages'
[72.712s] Level 1:colcon.colcon_core.environment:checking '/home/jetson/robot_ws/src/hyrian_foxy/install/hyrian_track/bin'
[72.937s] INFO:colcon.colcon_core.shell:Creating package script '/home/jetson/robot_ws/src/hyrian_foxy/install/hyrian_track/share/hyrian_track/package.ps1'
[72.939s] INFO:colcon.colcon_core.shell:Creating package descriptor '/home/jetson/robot_ws/src/hyrian_foxy/install/hyrian_track/share/hyrian_track/package.dsv'
[72.941s] INFO:colcon.colcon_core.shell:Creating package script '/home/jetson/robot_ws/src/hyrian_foxy/install/hyrian_track/share/hyrian_track/package.sh'
[72.942s] INFO:colcon.colcon_core.shell:Creating package script '/home/jetson/robot_ws/src/hyrian_foxy/install/hyrian_track/share/hyrian_track/package.bash'
[72.944s] INFO:colcon.colcon_core.shell:Creating package script '/home/jetson/robot_ws/src/hyrian_foxy/install/hyrian_track/share/hyrian_track/package.zsh'
[72.945s] Level 1:colcon.colcon_core.environment:create_file_with_runtime_dependencies(/home/jetson/robot_ws/src/hyrian_foxy/install/hyrian_track/share/colcon-core/packages/hyrian_track)
[72.946s] DEBUG:colcon.colcon_parallel_executor.executor.parallel:closing loop
[72.948s] DEBUG:colcon.colcon_parallel_executor.executor.parallel:loop closed
[72.948s] DEBUG:colcon.colcon_parallel_executor.executor.parallel:run_until_complete finished with '0'
[72.949s] DEBUG:colcon.colcon_core.event_reactor:joining thread
[73.183s] INFO:colcon.colcon_core.plugin_system:Skipping extension 'colcon_notification.desktop_notification.terminal_notifier': Not used on non-Darwin systems
[73.183s] INFO:colcon.colcon_core.plugin_system:Skipping extension 'colcon_notification.desktop_notification.win32': Not used on non-Windows systems
[73.184s] INFO:colcon.colcon_notification.desktop_notification:Sending desktop notification using 'notify2'
[73.242s] DEBUG:colcon.colcon_core.event_reactor:joined thread
[73.484s] INFO:colcon.colcon_core.shell:Creating prefix script '/home/jetson/robot_ws/src/hyrian_foxy/install/local_setup.ps1'
[73.488s] INFO:colcon.colcon_core.shell:Creating prefix util module '/home/jetson/robot_ws/src/hyrian_foxy/install/_local_setup_util_ps1.py'
[73.494s] INFO:colcon.colcon_core.shell:Creating prefix chain script '/home/jetson/robot_ws/src/hyrian_foxy/install/setup.ps1'
[73.716s] INFO:colcon.colcon_core.shell:Creating prefix script '/home/jetson/robot_ws/src/hyrian_foxy/install/local_setup.sh'
[73.718s] INFO:colcon.colcon_core.shell:Creating prefix util module '/home/jetson/robot_ws/src/hyrian_foxy/install/_local_setup_util_sh.py'
[73.720s] INFO:colcon.colcon_core.shell:Creating prefix chain script '/home/jetson/robot_ws/src/hyrian_foxy/install/setup.sh'
[73.947s] INFO:colcon.colcon_core.shell:Creating prefix script '/home/jetson/robot_ws/src/hyrian_foxy/install/local_setup.bash'
[73.949s] INFO:colcon.colcon_core.shell:Creating prefix chain script '/home/jetson/robot_ws/src/hyrian_foxy/install/setup.bash'
[74.173s] INFO:colcon.colcon_core.shell:Creating prefix script '/home/jetson/robot_ws/src/hyrian_foxy/install/local_setup.zsh'
[74.175s] INFO:colcon.colcon_core.shell:Creating prefix chain script '/home/jetson/robot_ws/src/hyrian_foxy/install/setup.zsh'
