[12.678s] DEBUG:colcon:Command line arguments: ['/usr/bin/colcon', 'build', '--packages-select', 'hyrian_track']
[12.679s] DEBUG:colcon:Parsed command line arguments: Namespace(allow_overriding=[], ament_cmake_args=None, base_paths=['.'], build_base='build', catkin_cmake_args=None, catkin_skip_building_tests=False, cmake_args=None, cmake_clean_cache=False, cmake_clean_first=False, cmake_force_configure=False, cmake_target=None, cmake_target_skip_unavailable=False, continue_on_error=False, event_handlers=None, executor='parallel', ignore_user_meta=False, install_base='install', log_base=None, log_level=None, main=<bound method BuildVerb.main of <colcon_core.verb.build.BuildVerb object at 0x7f9e5ab0a0>>, merge_install=False, metas=['./colcon.meta'], packages_above=None, packages_above_and_dependencies=None, packages_above_depth=None, packages_end=None, packages_ignore=None, packages_ignore_regex=None, packages_select=['hyrian_track'], packages_select_build_failed=False, packages_select_by_dep=None, packages_select_regex=None, packages_select_test_failures=False, packages_skip=None, packages_skip_build_finished=False, packages_skip_by_dep=None, packages_skip_regex=None, packages_skip_test_passed=False, packages_skip_up_to=None, packages_start=None, packages_up_to=None, packages_up_to_regex=None, parallel_workers=4, paths=None, symlink_install=False, test_result_base=None, verb_extension=<colcon_core.verb.build.BuildVerb object at 0x7f9e5ab0a0>, verb_name='build', verb_parser=<colcon_defaults.argument_parser.defaults.DefaultArgumentsDecorator object at 0x7f9e646f70>)
[13.237s] Level 1:colcon.colcon_core.package_discovery:discover_packages(colcon_meta) check parameters
[13.238s] Level 1:colcon.colcon_core.package_discovery:discover_packages(recursive) check parameters
[13.238s] Level 1:colcon.colcon_core.package_discovery:discover_packages(ignore) check parameters
[13.238s] Level 1:colcon.colcon_core.package_discovery:discover_packages(path) check parameters
[13.238s] Level 1:colcon.colcon_core.package_discovery:discover_packages(colcon_meta) discover
[13.239s] Level 1:colcon.colcon_core.package_discovery:discover_packages(recursive) discover
[13.239s] INFO:colcon.colcon_core.package_discovery:Crawling recursively for packages in '/home/jetson/robot_ws/src/hyrian_foxy'
[13.239s] Level 1:colcon.colcon_core.package_identification:_identify(.) by extensions ['ignore', 'ignore_ament_install']
[13.240s] Level 1:colcon.colcon_core.package_identification:_identify(.) by extension 'ignore'
[13.240s] Level 1:colcon.colcon_core.package_identification:_identify(.) by extension 'ignore_ament_install'
[13.240s] Level 1:colcon.colcon_core.package_identification:_identify(.) by extensions ['colcon_pkg']
[13.241s] Level 1:colcon.colcon_core.package_identification:_identify(.) by extension 'colcon_pkg'
[13.241s] Level 1:colcon.colcon_core.package_identification:_identify(.) by extensions ['colcon_meta']
[13.241s] Level 1:colcon.colcon_core.package_identification:_identify(.) by extension 'colcon_meta'
[13.241s] Level 1:colcon.colcon_core.package_identification:_identify(.) by extensions ['ros']
[13.241s] Level 1:colcon.colcon_core.package_identification:_identify(.) by extension 'ros'
[13.302s] Level 1:colcon.colcon_core.package_identification:_identify(.) by extensions ['cmake', 'python']
[13.302s] Level 1:colcon.colcon_core.package_identification:_identify(.) by extension 'cmake'
[13.302s] Level 1:colcon.colcon_core.package_identification:_identify(.) by extension 'python'
[13.302s] Level 1:colcon.colcon_core.package_identification:_identify(.) by extensions ['python_setup_py']
[13.303s] Level 1:colcon.colcon_core.package_identification:_identify(.) by extension 'python_setup_py'
[13.303s] Level 1:colcon.colcon_core.package_identification:_identify(build) by extensions ['ignore', 'ignore_ament_install']
[13.304s] Level 1:colcon.colcon_core.package_identification:_identify(build) by extension 'ignore'
[13.304s] Level 1:colcon.colcon_core.package_identification:_identify(build) ignored
[13.304s] Level 1:colcon.colcon_core.package_identification:_identify(hyrian_bringup) by extensions ['ignore', 'ignore_ament_install']
[13.305s] Level 1:colcon.colcon_core.package_identification:_identify(hyrian_bringup) by extension 'ignore'
[13.305s] Level 1:colcon.colcon_core.package_identification:_identify(hyrian_bringup) by extension 'ignore_ament_install'
[13.305s] Level 1:colcon.colcon_core.package_identification:_identify(hyrian_bringup) by extensions ['colcon_pkg']
[13.305s] Level 1:colcon.colcon_core.package_identification:_identify(hyrian_bringup) by extension 'colcon_pkg'
[13.306s] Level 1:colcon.colcon_core.package_identification:_identify(hyrian_bringup) by extensions ['colcon_meta']
[13.306s] Level 1:colcon.colcon_core.package_identification:_identify(hyrian_bringup) by extension 'colcon_meta'
[13.306s] Level 1:colcon.colcon_core.package_identification:_identify(hyrian_bringup) by extensions ['ros']
[13.306s] Level 1:colcon.colcon_core.package_identification:_identify(hyrian_bringup) by extension 'ros'
[13.322s] DEBUG:colcon.colcon_core.package_identification:Package 'hyrian_bringup' with type 'ros.ament_python' and name 'hyrian_bringup'
[13.323s] Level 1:colcon.colcon_core.package_identification:_identify(hyrian_cartographer) by extensions ['ignore', 'ignore_ament_install']
[13.323s] Level 1:colcon.colcon_core.package_identification:_identify(hyrian_cartographer) by extension 'ignore'
[13.324s] Level 1:colcon.colcon_core.package_identification:_identify(hyrian_cartographer) by extension 'ignore_ament_install'
[13.324s] Level 1:colcon.colcon_core.package_identification:_identify(hyrian_cartographer) by extensions ['colcon_pkg']
[13.324s] Level 1:colcon.colcon_core.package_identification:_identify(hyrian_cartographer) by extension 'colcon_pkg'
[13.324s] Level 1:colcon.colcon_core.package_identification:_identify(hyrian_cartographer) by extensions ['colcon_meta']
[13.324s] Level 1:colcon.colcon_core.package_identification:_identify(hyrian_cartographer) by extension 'colcon_meta'
[13.325s] Level 1:colcon.colcon_core.package_identification:_identify(hyrian_cartographer) by extensions ['ros']
[13.325s] Level 1:colcon.colcon_core.package_identification:_identify(hyrian_cartographer) by extension 'ros'
[13.327s] DEBUG:colcon.colcon_core.package_identification:Package 'hyrian_cartographer' with type 'ros.ament_cmake' and name 'hyrian_cartographer'
[13.328s] Level 1:colcon.colcon_core.package_identification:_identify(hyrian_description) by extensions ['ignore', 'ignore_ament_install']
[13.328s] Level 1:colcon.colcon_core.package_identification:_identify(hyrian_description) by extension 'ignore'
[13.329s] Level 1:colcon.colcon_core.package_identification:_identify(hyrian_description) by extension 'ignore_ament_install'
[13.329s] Level 1:colcon.colcon_core.package_identification:_identify(hyrian_description) by extensions ['colcon_pkg']
[13.329s] Level 1:colcon.colcon_core.package_identification:_identify(hyrian_description) by extension 'colcon_pkg'
[13.330s] Level 1:colcon.colcon_core.package_identification:_identify(hyrian_description) by extensions ['colcon_meta']
[13.330s] Level 1:colcon.colcon_core.package_identification:_identify(hyrian_description) by extension 'colcon_meta'
[13.330s] Level 1:colcon.colcon_core.package_identification:_identify(hyrian_description) by extensions ['ros']
[13.330s] Level 1:colcon.colcon_core.package_identification:_identify(hyrian_description) by extension 'ros'
[13.334s] DEBUG:colcon.colcon_core.package_identification:Package 'hyrian_description' with type 'ros.ament_python' and name 'hyrian_description'
[13.335s] Level 1:colcon.colcon_core.package_identification:_identify(hyrian_gazebo) by extensions ['ignore', 'ignore_ament_install']
[13.335s] Level 1:colcon.colcon_core.package_identification:_identify(hyrian_gazebo) by extension 'ignore'
[13.335s] Level 1:colcon.colcon_core.package_identification:_identify(hyrian_gazebo) by extension 'ignore_ament_install'
[13.336s] Level 1:colcon.colcon_core.package_identification:_identify(hyrian_gazebo) by extensions ['colcon_pkg']
[13.336s] Level 1:colcon.colcon_core.package_identification:_identify(hyrian_gazebo) by extension 'colcon_pkg'
[13.336s] Level 1:colcon.colcon_core.package_identification:_identify(hyrian_gazebo) by extensions ['colcon_meta']
[13.336s] Level 1:colcon.colcon_core.package_identification:_identify(hyrian_gazebo) by extension 'colcon_meta'
[13.336s] Level 1:colcon.colcon_core.package_identification:_identify(hyrian_gazebo) by extensions ['ros']
[13.337s] Level 1:colcon.colcon_core.package_identification:_identify(hyrian_gazebo) by extension 'ros'
[13.341s] DEBUG:colcon.colcon_core.package_identification:Package 'hyrian_gazebo' with type 'ros.ament_cmake' and name 'hyrian_gazebo'
[13.342s] Level 1:colcon.colcon_core.package_identification:_identify(hyrian_interfaces) by extensions ['ignore', 'ignore_ament_install']
[13.342s] Level 1:colcon.colcon_core.package_identification:_identify(hyrian_interfaces) by extension 'ignore'
[13.342s] Level 1:colcon.colcon_core.package_identification:_identify(hyrian_interfaces) by extension 'ignore_ament_install'
[13.343s] Level 1:colcon.colcon_core.package_identification:_identify(hyrian_interfaces) by extensions ['colcon_pkg']
[13.343s] Level 1:colcon.colcon_core.package_identification:_identify(hyrian_interfaces) by extension 'colcon_pkg'
[13.343s] Level 1:colcon.colcon_core.package_identification:_identify(hyrian_interfaces) by extensions ['colcon_meta']
[13.343s] Level 1:colcon.colcon_core.package_identification:_identify(hyrian_interfaces) by extension 'colcon_meta'
[13.344s] Level 1:colcon.colcon_core.package_identification:_identify(hyrian_interfaces) by extensions ['ros']
[13.344s] Level 1:colcon.colcon_core.package_identification:_identify(hyrian_interfaces) by extension 'ros'
[13.346s] DEBUG:colcon.colcon_core.package_identification:Package 'hyrian_interfaces' with type 'ros.ament_cmake' and name 'hyrian_interfaces'
[13.346s] Level 1:colcon.colcon_core.package_identification:_identify(hyrian_motion) by extensions ['ignore', 'ignore_ament_install']
[13.347s] Level 1:colcon.colcon_core.package_identification:_identify(hyrian_motion) by extension 'ignore'
[13.347s] Level 1:colcon.colcon_core.package_identification:_identify(hyrian_motion) by extension 'ignore_ament_install'
[13.347s] Level 1:colcon.colcon_core.package_identification:_identify(hyrian_motion) by extensions ['colcon_pkg']
[13.348s] Level 1:colcon.colcon_core.package_identification:_identify(hyrian_motion) by extension 'colcon_pkg'
[13.348s] Level 1:colcon.colcon_core.package_identification:_identify(hyrian_motion) by extensions ['colcon_meta']
[13.348s] Level 1:colcon.colcon_core.package_identification:_identify(hyrian_motion) by extension 'colcon_meta'
[13.348s] Level 1:colcon.colcon_core.package_identification:_identify(hyrian_motion) by extensions ['ros']
[13.348s] Level 1:colcon.colcon_core.package_identification:_identify(hyrian_motion) by extension 'ros'
[13.353s] DEBUG:colcon.colcon_core.package_identification:Package 'hyrian_motion' with type 'ros.ament_cmake' and name 'hyrian_motion'
[13.353s] Level 1:colcon.colcon_core.package_identification:_identify(hyrian_navigation2) by extensions ['ignore', 'ignore_ament_install']
[13.353s] Level 1:colcon.colcon_core.package_identification:_identify(hyrian_navigation2) by extension 'ignore'
[13.354s] Level 1:colcon.colcon_core.package_identification:_identify(hyrian_navigation2) by extension 'ignore_ament_install'
[13.354s] Level 1:colcon.colcon_core.package_identification:_identify(hyrian_navigation2) by extensions ['colcon_pkg']
[13.354s] Level 1:colcon.colcon_core.package_identification:_identify(hyrian_navigation2) by extension 'colcon_pkg'
[13.354s] Level 1:colcon.colcon_core.package_identification:_identify(hyrian_navigation2) by extensions ['colcon_meta']
[13.355s] Level 1:colcon.colcon_core.package_identification:_identify(hyrian_navigation2) by extension 'colcon_meta'
[13.355s] Level 1:colcon.colcon_core.package_identification:_identify(hyrian_navigation2) by extensions ['ros']
[13.355s] Level 1:colcon.colcon_core.package_identification:_identify(hyrian_navigation2) by extension 'ros'
[13.362s] DEBUG:colcon.colcon_core.package_identification:Package 'hyrian_navigation2' with type 'ros.ament_cmake' and name 'hyrian_navigation2'
[13.362s] Level 1:colcon.colcon_core.package_identification:_identify(hyrian_node) by extensions ['ignore', 'ignore_ament_install']
[13.363s] Level 1:colcon.colcon_core.package_identification:_identify(hyrian_node) by extension 'ignore'
[13.363s] Level 1:colcon.colcon_core.package_identification:_identify(hyrian_node) by extension 'ignore_ament_install'
[13.363s] Level 1:colcon.colcon_core.package_identification:_identify(hyrian_node) by extensions ['colcon_pkg']
[13.363s] Level 1:colcon.colcon_core.package_identification:_identify(hyrian_node) by extension 'colcon_pkg'
[13.364s] Level 1:colcon.colcon_core.package_identification:_identify(hyrian_node) by extensions ['colcon_meta']
[13.364s] Level 1:colcon.colcon_core.package_identification:_identify(hyrian_node) by extension 'colcon_meta'
[13.364s] Level 1:colcon.colcon_core.package_identification:_identify(hyrian_node) by extensions ['ros']
[13.364s] Level 1:colcon.colcon_core.package_identification:_identify(hyrian_node) by extension 'ros'
[13.368s] DEBUG:colcon.colcon_core.package_identification:Package 'hyrian_node' with type 'ros.ament_cmake' and name 'hyrian_node'
[13.368s] Level 1:colcon.colcon_core.package_identification:_identify(hyrian_sensor) by extensions ['ignore', 'ignore_ament_install']
[13.369s] Level 1:colcon.colcon_core.package_identification:_identify(hyrian_sensor) by extension 'ignore'
[13.369s] Level 1:colcon.colcon_core.package_identification:_identify(hyrian_sensor) by extension 'ignore_ament_install'
[13.369s] Level 1:colcon.colcon_core.package_identification:_identify(hyrian_sensor) by extensions ['colcon_pkg']
[13.370s] Level 1:colcon.colcon_core.package_identification:_identify(hyrian_sensor) by extension 'colcon_pkg'
[13.370s] Level 1:colcon.colcon_core.package_identification:_identify(hyrian_sensor) by extensions ['colcon_meta']
[13.370s] Level 1:colcon.colcon_core.package_identification:_identify(hyrian_sensor) by extension 'colcon_meta'
[13.370s] Level 1:colcon.colcon_core.package_identification:_identify(hyrian_sensor) by extensions ['ros']
[13.370s] Level 1:colcon.colcon_core.package_identification:_identify(hyrian_sensor) by extension 'ros'
[13.371s] Level 1:colcon.colcon_core.package_identification:_identify(hyrian_sensor) by extensions ['cmake', 'python']
[13.371s] Level 1:colcon.colcon_core.package_identification:_identify(hyrian_sensor) by extension 'cmake'
[13.371s] Level 1:colcon.colcon_core.package_identification:_identify(hyrian_sensor) by extension 'python'
[13.371s] Level 1:colcon.colcon_core.package_identification:_identify(hyrian_sensor) by extensions ['python_setup_py']
[13.371s] Level 1:colcon.colcon_core.package_identification:_identify(hyrian_sensor) by extension 'python_setup_py'
[13.372s] Level 1:colcon.colcon_core.package_identification:_identify(hyrian_sensor/hyrian_imu) by extensions ['ignore', 'ignore_ament_install']
[13.372s] Level 1:colcon.colcon_core.package_identification:_identify(hyrian_sensor/hyrian_imu) by extension 'ignore'
[13.372s] Level 1:colcon.colcon_core.package_identification:_identify(hyrian_sensor/hyrian_imu) by extension 'ignore_ament_install'
[13.373s] Level 1:colcon.colcon_core.package_identification:_identify(hyrian_sensor/hyrian_imu) by extensions ['colcon_pkg']
[13.373s] Level 1:colcon.colcon_core.package_identification:_identify(hyrian_sensor/hyrian_imu) by extension 'colcon_pkg'
[13.373s] Level 1:colcon.colcon_core.package_identification:_identify(hyrian_sensor/hyrian_imu) by extensions ['colcon_meta']
[13.373s] Level 1:colcon.colcon_core.package_identification:_identify(hyrian_sensor/hyrian_imu) by extension 'colcon_meta'
[13.373s] Level 1:colcon.colcon_core.package_identification:_identify(hyrian_sensor/hyrian_imu) by extensions ['ros']
[13.373s] Level 1:colcon.colcon_core.package_identification:_identify(hyrian_sensor/hyrian_imu) by extension 'ros'
[13.378s] DEBUG:colcon.colcon_core.package_identification:Package 'hyrian_sensor/hyrian_imu' with type 'ros.ament_cmake' and name 'hyrian_imu'
[13.379s] Level 1:colcon.colcon_core.package_identification:_identify(hyrian_sensor/hyrian_lidar) by extensions ['ignore', 'ignore_ament_install']
[13.379s] Level 1:colcon.colcon_core.package_identification:_identify(hyrian_sensor/hyrian_lidar) by extension 'ignore'
[13.380s] Level 1:colcon.colcon_core.package_identification:_identify(hyrian_sensor/hyrian_lidar) by extension 'ignore_ament_install'
[13.380s] Level 1:colcon.colcon_core.package_identification:_identify(hyrian_sensor/hyrian_lidar) by extensions ['colcon_pkg']
[13.380s] Level 1:colcon.colcon_core.package_identification:_identify(hyrian_sensor/hyrian_lidar) by extension 'colcon_pkg'
[13.380s] Level 1:colcon.colcon_core.package_identification:_identify(hyrian_sensor/hyrian_lidar) by extensions ['colcon_meta']
[13.381s] Level 1:colcon.colcon_core.package_identification:_identify(hyrian_sensor/hyrian_lidar) by extension 'colcon_meta'
[13.381s] Level 1:colcon.colcon_core.package_identification:_identify(hyrian_sensor/hyrian_lidar) by extensions ['ros']
[13.381s] Level 1:colcon.colcon_core.package_identification:_identify(hyrian_sensor/hyrian_lidar) by extension 'ros'
[13.383s] DEBUG:colcon.colcon_core.package_identification:Package 'hyrian_sensor/hyrian_lidar' with type 'ros.ament_cmake' and name 'hyrian_lidar'
[13.383s] Level 1:colcon.colcon_core.package_identification:_identify(hyrian_sensor/hyrian_sensor) by extensions ['ignore', 'ignore_ament_install']
[13.384s] Level 1:colcon.colcon_core.package_identification:_identify(hyrian_sensor/hyrian_sensor) by extension 'ignore'
[13.384s] Level 1:colcon.colcon_core.package_identification:_identify(hyrian_sensor/hyrian_sensor) by extension 'ignore_ament_install'
[13.384s] Level 1:colcon.colcon_core.package_identification:_identify(hyrian_sensor/hyrian_sensor) by extensions ['colcon_pkg']
[13.385s] Level 1:colcon.colcon_core.package_identification:_identify(hyrian_sensor/hyrian_sensor) by extension 'colcon_pkg'
[13.385s] Level 1:colcon.colcon_core.package_identification:_identify(hyrian_sensor/hyrian_sensor) by extensions ['colcon_meta']
[13.385s] Level 1:colcon.colcon_core.package_identification:_identify(hyrian_sensor/hyrian_sensor) by extension 'colcon_meta'
[13.385s] Level 1:colcon.colcon_core.package_identification:_identify(hyrian_sensor/hyrian_sensor) by extensions ['ros']
[13.385s] Level 1:colcon.colcon_core.package_identification:_identify(hyrian_sensor/hyrian_sensor) by extension 'ros'
[13.389s] DEBUG:colcon.colcon_core.package_identification:Package 'hyrian_sensor/hyrian_sensor' with type 'ros.ament_cmake' and name 'hyrian_sensor'
[13.389s] Level 1:colcon.colcon_core.package_identification:_identify(hyrian_teleop) by extensions ['ignore', 'ignore_ament_install']
[13.390s] Level 1:colcon.colcon_core.package_identification:_identify(hyrian_teleop) by extension 'ignore'
[13.390s] Level 1:colcon.colcon_core.package_identification:_identify(hyrian_teleop) by extension 'ignore_ament_install'
[13.390s] Level 1:colcon.colcon_core.package_identification:_identify(hyrian_teleop) by extensions ['colcon_pkg']
[13.390s] Level 1:colcon.colcon_core.package_identification:_identify(hyrian_teleop) by extension 'colcon_pkg'
[13.390s] Level 1:colcon.colcon_core.package_identification:_identify(hyrian_teleop) by extensions ['colcon_meta']
[13.391s] Level 1:colcon.colcon_core.package_identification:_identify(hyrian_teleop) by extension 'colcon_meta'
[13.391s] Level 1:colcon.colcon_core.package_identification:_identify(hyrian_teleop) by extensions ['ros']
[13.391s] Level 1:colcon.colcon_core.package_identification:_identify(hyrian_teleop) by extension 'ros'
[13.393s] DEBUG:colcon.colcon_core.package_identification:Package 'hyrian_teleop' with type 'ros.ament_python' and name 'hyrian_teleop'
[13.394s] Level 1:colcon.colcon_core.package_identification:_identify(hyrian_track) by extensions ['ignore', 'ignore_ament_install']
[13.394s] Level 1:colcon.colcon_core.package_identification:_identify(hyrian_track) by extension 'ignore'
[13.394s] Level 1:colcon.colcon_core.package_identification:_identify(hyrian_track) by extension 'ignore_ament_install'
[13.394s] Level 1:colcon.colcon_core.package_identification:_identify(hyrian_track) by extensions ['colcon_pkg']
[13.395s] Level 1:colcon.colcon_core.package_identification:_identify(hyrian_track) by extension 'colcon_pkg'
[13.395s] Level 1:colcon.colcon_core.package_identification:_identify(hyrian_track) by extensions ['colcon_meta']
[13.395s] Level 1:colcon.colcon_core.package_identification:_identify(hyrian_track) by extension 'colcon_meta'
[13.395s] Level 1:colcon.colcon_core.package_identification:_identify(hyrian_track) by extensions ['ros']
[13.395s] Level 1:colcon.colcon_core.package_identification:_identify(hyrian_track) by extension 'ros'
[13.403s] DEBUG:colcon.colcon_core.package_identification:Package 'hyrian_track' with type 'ros.ament_cmake' and name 'hyrian_track'
[13.403s] Level 1:colcon.colcon_core.package_identification:_identify(install) by extensions ['ignore', 'ignore_ament_install']
[13.404s] Level 1:colcon.colcon_core.package_identification:_identify(install) by extension 'ignore'
[13.404s] Level 1:colcon.colcon_core.package_identification:_identify(install) ignored
[13.404s] Level 1:colcon.colcon_core.package_identification:_identify(log) by extensions ['ignore', 'ignore_ament_install']
[13.405s] Level 1:colcon.colcon_core.package_identification:_identify(log) by extension 'ignore'
[13.405s] Level 1:colcon.colcon_core.package_identification:_identify(log) ignored
[13.405s] Level 1:colcon.colcon_core.package_discovery:discover_packages(recursive) using defaults
[13.406s] Level 1:colcon.colcon_core.package_discovery:discover_packages(ignore) discover
[13.406s] Level 1:colcon.colcon_core.package_discovery:discover_packages(ignore) using defaults
[13.406s] Level 1:colcon.colcon_core.package_discovery:discover_packages(path) discover
[13.406s] Level 1:colcon.colcon_core.package_discovery:discover_packages(path) using defaults
[14.138s] INFO:colcon.colcon_core.package_selection:Skipping not selected package 'hyrian_cartographer' in 'hyrian_cartographer'
[14.139s] INFO:colcon.colcon_core.package_selection:Skipping not selected package 'hyrian_description' in 'hyrian_description'
[14.139s] INFO:colcon.colcon_core.package_selection:Skipping not selected package 'hyrian_gazebo' in 'hyrian_gazebo'
[14.139s] INFO:colcon.colcon_core.package_selection:Skipping not selected package 'hyrian_imu' in 'hyrian_sensor/hyrian_imu'
[14.139s] INFO:colcon.colcon_core.package_selection:Skipping not selected package 'hyrian_interfaces' in 'hyrian_interfaces'
[14.139s] INFO:colcon.colcon_core.package_selection:Skipping not selected package 'hyrian_lidar' in 'hyrian_sensor/hyrian_lidar'
[14.139s] INFO:colcon.colcon_core.package_selection:Skipping not selected package 'hyrian_node' in 'hyrian_node'
[14.139s] INFO:colcon.colcon_core.package_selection:Skipping not selected package 'hyrian_teleop' in 'hyrian_teleop'
[14.140s] INFO:colcon.colcon_core.package_selection:Skipping not selected package 'hyrian_bringup' in 'hyrian_bringup'
[14.140s] INFO:colcon.colcon_core.package_selection:Skipping not selected package 'hyrian_motion' in 'hyrian_motion'
[14.140s] INFO:colcon.colcon_core.package_selection:Skipping not selected package 'hyrian_navigation2' in 'hyrian_navigation2'
[14.140s] INFO:colcon.colcon_core.package_selection:Skipping not selected package 'hyrian_sensor' in 'hyrian_sensor/hyrian_sensor'
[14.551s] Level 1:colcon.colcon_core.package_discovery:discover_packages(prefix_path) check parameters
[14.551s] Level 1:colcon.colcon_core.package_discovery:discover_packages(prefix_path) discover
[14.979s] DEBUG:colcon.colcon_installed_package_information.package_discovery:Found 15 installed packages in /home/jetson/robot_ws/install
[15.192s] DEBUG:colcon.colcon_installed_package_information.package_discovery:Found 260 installed packages in /opt/ros/foxy
[15.200s] Level 1:colcon.colcon_core.package_discovery:discover_packages(prefix_path) using defaults
[16.047s] Level 5:colcon.colcon_core.verb:set package 'hyrian_track' build argument 'cmake_args' from command line to 'None'
[16.047s] Level 5:colcon.colcon_core.verb:set package 'hyrian_track' build argument 'cmake_target' from command line to 'None'
[16.048s] Level 5:colcon.colcon_core.verb:set package 'hyrian_track' build argument 'cmake_target_skip_unavailable' from command line to 'False'
[16.048s] Level 5:colcon.colcon_core.verb:set package 'hyrian_track' build argument 'cmake_clean_cache' from command line to 'False'
[16.048s] Level 5:colcon.colcon_core.verb:set package 'hyrian_track' build argument 'cmake_clean_first' from command line to 'False'
[16.048s] Level 5:colcon.colcon_core.verb:set package 'hyrian_track' build argument 'cmake_force_configure' from command line to 'False'
[16.048s] Level 5:colcon.colcon_core.verb:set package 'hyrian_track' build argument 'ament_cmake_args' from command line to 'None'
[16.048s] Level 5:colcon.colcon_core.verb:set package 'hyrian_track' build argument 'catkin_cmake_args' from command line to 'None'
[16.048s] Level 5:colcon.colcon_core.verb:set package 'hyrian_track' build argument 'catkin_skip_building_tests' from command line to 'False'
[16.049s] DEBUG:colcon.colcon_core.verb:Building package 'hyrian_track' with the following arguments: {'ament_cmake_args': None, 'build_base': '/home/jetson/robot_ws/src/hyrian_foxy/build/hyrian_track', 'catkin_cmake_args': None, 'catkin_skip_building_tests': False, 'cmake_args': None, 'cmake_clean_cache': False, 'cmake_clean_first': False, 'cmake_force_configure': False, 'cmake_target': None, 'cmake_target_skip_unavailable': False, 'install_base': '/home/jetson/robot_ws/src/hyrian_foxy/install/hyrian_track', 'merge_install': False, 'path': '/home/jetson/robot_ws/src/hyrian_foxy/hyrian_track', 'symlink_install': False, 'test_result_base': None}
[16.252s] INFO:colcon.colcon_core.executor:Executing jobs using 'parallel' executor
[16.462s] DEBUG:colcon.colcon_parallel_executor.executor.parallel:run_until_complete
[16.463s] INFO:colcon.colcon_ros.task.ament_cmake.build:Building ROS package in '/home/jetson/robot_ws/src/hyrian_foxy/hyrian_track' with build type 'ament_cmake'
[16.463s] INFO:colcon.colcon_cmake.task.cmake.build:Building CMake package in '/home/jetson/robot_ws/src/hyrian_foxy/hyrian_track'
[16.696s] INFO:colcon.colcon_core.plugin_system:Skipping extension 'colcon_core.shell.bat': Not used on non-Windows systems
[16.697s] INFO:colcon.colcon_core.shell:Skip shell extension 'powershell' for command environment: Not usable outside of PowerShell
[16.697s] DEBUG:colcon.colcon_core.shell:Skip shell extension 'dsv' for command environment
[17.390s] DEBUG:colcon.colcon_core.event_handler.log_command:Invoking command in '/home/jetson/robot_ws/src/hyrian_foxy/build/hyrian_track': CMAKE_PREFIX_PATH=${CMAKE_PREFIX_PATH}:/home/jetson/robot_ws/install/hyrian_teleop:/home/jetson/robot_ws/install/hyrian_description:/opt/ros/foxy /usr/bin/cmake --build /home/jetson/robot_ws/src/hyrian_foxy/build/hyrian_track -- -j4 -l4
[70.377s] DEBUG:colcon.colcon_core.event_handler.log_command:Invoked command in '/home/jetson/robot_ws/src/hyrian_foxy/build/hyrian_track' returned '0': CMAKE_PREFIX_PATH=${CMAKE_PREFIX_PATH}:/home/jetson/robot_ws/install/hyrian_teleop:/home/jetson/robot_ws/install/hyrian_description:/opt/ros/foxy /usr/bin/cmake --build /home/jetson/robot_ws/src/hyrian_foxy/build/hyrian_track -- -j4 -l4
[70.525s] DEBUG:colcon.colcon_core.event_handler.log_command:Invoking command in '/home/jetson/robot_ws/src/hyrian_foxy/build/hyrian_track': CMAKE_PREFIX_PATH=${CMAKE_PREFIX_PATH}:/home/jetson/robot_ws/install/hyrian_teleop:/home/jetson/robot_ws/install/hyrian_description:/opt/ros/foxy /usr/bin/cmake --install /home/jetson/robot_ws/src/hyrian_foxy/build/hyrian_track
[70.596s] Level 1:colcon.colcon_core.environment:create_environment_scripts_only(hyrian_track)
[70.598s] DEBUG:colcon.colcon_core.event_handler.log_command:Invoked command in '/home/jetson/robot_ws/src/hyrian_foxy/build/hyrian_track' returned '0': CMAKE_PREFIX_PATH=${CMAKE_PREFIX_PATH}:/home/jetson/robot_ws/install/hyrian_teleop:/home/jetson/robot_ws/install/hyrian_description:/opt/ros/foxy /usr/bin/cmake --install /home/jetson/robot_ws/src/hyrian_foxy/build/hyrian_track
[70.852s] Level 1:colcon.colcon_core.environment:checking '/home/jetson/robot_ws/src/hyrian_foxy/install/hyrian_track' for CMake module files
[70.855s] Level 1:colcon.colcon_core.environment:checking '/home/jetson/robot_ws/src/hyrian_foxy/install/hyrian_track' for CMake config files
[70.857s] Level 1:colcon.colcon_core.shell:create_environment_hook('hyrian_track', 'cmake_prefix_path')
[71.080s] INFO:colcon.colcon_core.shell:Creating environment hook '/home/jetson/robot_ws/src/hyrian_foxy/install/hyrian_track/share/hyrian_track/hook/cmake_prefix_path.ps1'
[71.082s] INFO:colcon.colcon_core.shell:Creating environment descriptor '/home/jetson/robot_ws/src/hyrian_foxy/install/hyrian_track/share/hyrian_track/hook/cmake_prefix_path.dsv'
[71.084s] INFO:colcon.colcon_core.shell:Creating environment hook '/home/jetson/robot_ws/src/hyrian_foxy/install/hyrian_track/share/hyrian_track/hook/cmake_prefix_path.sh'
[71.088s] Level 1:colcon.colcon_core.environment:checking '/home/jetson/robot_ws/src/hyrian_foxy/install/hyrian_track/lib'
[71.088s] Level 1:colcon.colcon_core.environment:checking '/home/jetson/robot_ws/src/hyrian_foxy/install/hyrian_track/bin'
[71.089s] Level 1:colcon.colcon_core.environment:checking '/home/jetson/robot_ws/src/hyrian_foxy/install/hyrian_track/lib/pkgconfig/hyrian_track.pc'
[71.090s] Level 1:colcon.colcon_core.environment:checking '/home/jetson/robot_ws/src/hyrian_foxy/install/hyrian_track/lib/python3.8/site-packages'
[71.090s] Level 1:colcon.colcon_core.environment:checking '/home/jetson/robot_ws/src/hyrian_foxy/install/hyrian_track/bin'
[71.325s] INFO:colcon.colcon_core.shell:Creating package script '/home/jetson/robot_ws/src/hyrian_foxy/install/hyrian_track/share/hyrian_track/package.ps1'
[71.328s] INFO:colcon.colcon_core.shell:Creating package descriptor '/home/jetson/robot_ws/src/hyrian_foxy/install/hyrian_track/share/hyrian_track/package.dsv'
[71.330s] INFO:colcon.colcon_core.shell:Creating package script '/home/jetson/robot_ws/src/hyrian_foxy/install/hyrian_track/share/hyrian_track/package.sh'
[71.333s] INFO:colcon.colcon_core.shell:Creating package script '/home/jetson/robot_ws/src/hyrian_foxy/install/hyrian_track/share/hyrian_track/package.bash'
[71.336s] INFO:colcon.colcon_core.shell:Creating package script '/home/jetson/robot_ws/src/hyrian_foxy/install/hyrian_track/share/hyrian_track/package.zsh'
[71.341s] Level 1:colcon.colcon_core.environment:create_file_with_runtime_dependencies(/home/jetson/robot_ws/src/hyrian_foxy/install/hyrian_track/share/colcon-core/packages/hyrian_track)
[71.709s] Level 1:colcon.colcon_core.environment:create_environment_scripts_only(hyrian_track)
[71.940s] Level 1:colcon.colcon_core.environment:checking '/home/jetson/robot_ws/src/hyrian_foxy/install/hyrian_track' for CMake module files
[71.942s] Level 1:colcon.colcon_core.environment:checking '/home/jetson/robot_ws/src/hyrian_foxy/install/hyrian_track' for CMake config files
[71.944s] Level 1:colcon.colcon_core.shell:create_environment_hook('hyrian_track', 'cmake_prefix_path')
[72.165s] INFO:colcon.colcon_core.shell:Creating environment hook '/home/jetson/robot_ws/src/hyrian_foxy/install/hyrian_track/share/hyrian_track/hook/cmake_prefix_path.ps1'
[72.166s] INFO:colcon.colcon_core.shell:Creating environment descriptor '/home/jetson/robot_ws/src/hyrian_foxy/install/hyrian_track/share/hyrian_track/hook/cmake_prefix_path.dsv'
[72.168s] INFO:colcon.colcon_core.shell:Creating environment hook '/home/jetson/robot_ws/src/hyrian_foxy/install/hyrian_track/share/hyrian_track/hook/cmake_prefix_path.sh'
[72.170s] Level 1:colcon.colcon_core.environment:checking '/home/jetson/robot_ws/src/hyrian_foxy/install/hyrian_track/lib'
[72.170s] Level 1:colcon.colcon_core.environment:checking '/home/jetson/robot_ws/src/hyrian_foxy/install/hyrian_track/bin'
[72.170s] Level 1:colcon.colcon_core.environment:checking '/home/jetson/robot_ws/src/hyrian_foxy/install/hyrian_track/lib/pkgconfig/hyrian_track.pc'
[72.171s] Level 1:colcon.colcon_core.environment:checking '/home/jetson/robot_ws/src/hyrian_foxy/install/hyrian_track/lib/python3.8/site-packages'
[72.172s] Level 1:colcon.colcon_core.environment:checking '/home/jetson/robot_ws/src/hyrian_foxy/install/hyrian_track/bin'
[72.390s] INFO:colcon.colcon_core.shell:Creating package script '/home/jetson/robot_ws/src/hyrian_foxy/install/hyrian_track/share/hyrian_track/package.ps1'
[72.393s] INFO:colcon.colcon_core.shell:Creating package descriptor '/home/jetson/robot_ws/src/hyrian_foxy/install/hyrian_track/share/hyrian_track/package.dsv'
[72.394s] INFO:colcon.colcon_core.shell:Creating package script '/home/jetson/robot_ws/src/hyrian_foxy/install/hyrian_track/share/hyrian_track/package.sh'
[72.396s] INFO:colcon.colcon_core.shell:Creating package script '/home/jetson/robot_ws/src/hyrian_foxy/install/hyrian_track/share/hyrian_track/package.bash'
[72.398s] INFO:colcon.colcon_core.shell:Creating package script '/home/jetson/robot_ws/src/hyrian_foxy/install/hyrian_track/share/hyrian_track/package.zsh'
[72.399s] Level 1:colcon.colcon_core.environment:create_file_with_runtime_dependencies(/home/jetson/robot_ws/src/hyrian_foxy/install/hyrian_track/share/colcon-core/packages/hyrian_track)
[72.400s] DEBUG:colcon.colcon_parallel_executor.executor.parallel:closing loop
[72.401s] DEBUG:colcon.colcon_parallel_executor.executor.parallel:loop closed
[72.402s] DEBUG:colcon.colcon_parallel_executor.executor.parallel:run_until_complete finished with '0'
[72.402s] DEBUG:colcon.colcon_core.event_reactor:joining thread
[72.652s] INFO:colcon.colcon_core.plugin_system:Skipping extension 'colcon_notification.desktop_notification.terminal_notifier': Not used on non-Darwin systems
[72.653s] INFO:colcon.colcon_core.plugin_system:Skipping extension 'colcon_notification.desktop_notification.win32': Not used on non-Windows systems
[72.653s] INFO:colcon.colcon_notification.desktop_notification:Sending desktop notification using 'notify2'
[72.703s] DEBUG:colcon.colcon_core.event_reactor:joined thread
[72.943s] INFO:colcon.colcon_core.shell:Creating prefix script '/home/jetson/robot_ws/src/hyrian_foxy/install/local_setup.ps1'
[72.947s] INFO:colcon.colcon_core.shell:Creating prefix util module '/home/jetson/robot_ws/src/hyrian_foxy/install/_local_setup_util_ps1.py'
[72.953s] INFO:colcon.colcon_core.shell:Creating prefix chain script '/home/jetson/robot_ws/src/hyrian_foxy/install/setup.ps1'
[73.176s] INFO:colcon.colcon_core.shell:Creating prefix script '/home/jetson/robot_ws/src/hyrian_foxy/install/local_setup.sh'
[73.178s] INFO:colcon.colcon_core.shell:Creating prefix util module '/home/jetson/robot_ws/src/hyrian_foxy/install/_local_setup_util_sh.py'
[73.180s] INFO:colcon.colcon_core.shell:Creating prefix chain script '/home/jetson/robot_ws/src/hyrian_foxy/install/setup.sh'
[73.402s] INFO:colcon.colcon_core.shell:Creating prefix script '/home/jetson/robot_ws/src/hyrian_foxy/install/local_setup.bash'
[73.404s] INFO:colcon.colcon_core.shell:Creating prefix chain script '/home/jetson/robot_ws/src/hyrian_foxy/install/setup.bash'
[73.628s] INFO:colcon.colcon_core.shell:Creating prefix script '/home/jetson/robot_ws/src/hyrian_foxy/install/local_setup.zsh'
[73.630s] INFO:colcon.colcon_core.shell:Creating prefix chain script '/home/jetson/robot_ws/src/hyrian_foxy/install/setup.zsh'
