[0.938s] Invoking command in '/home/jetson/robot_ws/src/hyrian_foxy/build/hyrian_track': CMAKE_PREFIX_PATH=${CMAKE_PREFIX_PATH}:/home/jetson/robot_ws/install/hyrian_teleop:/home/jetson/robot_ws/install/hyrian_description:/opt/ros/foxy /usr/bin/cmake --build /home/jetson/robot_ws/src/hyrian_foxy/build/hyrian_track -- -j4 -l4
[1.274s] [35m[1mScanning dependencies of target hyrian_track[0m
[1.475s] [ 50%] [32mBuilding CXX object CMakeFiles/hyrian_track.dir/src/topic_sub_node.cpp.o[0m
[47.410s] [100%] [32m[1mLinking CXX executable hyrian_track[0m
[56.230s] [100%] Built target hyrian_track
[56.271s] Invoked command in '/home/jetson/robot_ws/src/hyrian_foxy/build/hyrian_track' returned '0': CMAKE_PREFIX_PATH=${CMAKE_PREFIX_PATH}:/home/jetson/robot_ws/install/hyrian_teleop:/home/jetson/robot_ws/install/hyrian_description:/opt/ros/foxy /usr/bin/cmake --build /home/jetson/robot_ws/src/hyrian_foxy/build/hyrian_track -- -j4 -l4
[56.416s] Invoking command in '/home/jetson/robot_ws/src/hyrian_foxy/build/hyrian_track': CMAKE_PREFIX_PATH=${CMAKE_PREFIX_PATH}:/home/jetson/robot_ws/install/hyrian_teleop:/home/jetson/robot_ws/install/hyrian_description:/opt/ros/foxy /usr/bin/cmake --install /home/jetson/robot_ws/src/hyrian_foxy/build/hyrian_track
[56.451s] -- Install configuration: ""
[56.453s] -- Installing: /home/jetson/robot_ws/src/hyrian_foxy/install/hyrian_track/lib/hyrian_track/hyrian_track
[56.467s] -- Set runtime path of "/home/jetson/robot_ws/src/hyrian_foxy/install/hyrian_track/lib/hyrian_track/hyrian_track" to ""
[56.468s] -- Up-to-date: /home/jetson/robot_ws/src/hyrian_foxy/install/hyrian_track/share/ament_index/resource_index/package_run_dependencies/hyrian_track
[56.469s] -- Up-to-date: /home/jetson/robot_ws/src/hyrian_foxy/install/hyrian_track/share/ament_index/resource_index/parent_prefix_path/hyrian_track
[56.469s] -- Up-to-date: /home/jetson/robot_ws/src/hyrian_foxy/install/hyrian_track/share/hyrian_track/environment/ament_prefix_path.sh
[56.470s] -- Up-to-date: /home/jetson/robot_ws/src/hyrian_foxy/install/hyrian_track/share/hyrian_track/environment/ament_prefix_path.dsv
[56.470s] -- Up-to-date: /home/jetson/robot_ws/src/hyrian_foxy/install/hyrian_track/share/hyrian_track/environment/path.sh
[56.471s] -- Up-to-date: /home/jetson/robot_ws/src/hyrian_foxy/install/hyrian_track/share/hyrian_track/environment/path.dsv
[56.471s] -- Up-to-date: /home/jetson/robot_ws/src/hyrian_foxy/install/hyrian_track/share/hyrian_track/local_setup.bash
[56.471s] -- Up-to-date: /home/jetson/robot_ws/src/hyrian_foxy/install/hyrian_track/share/hyrian_track/local_setup.sh
[56.472s] -- Up-to-date: /home/jetson/robot_ws/src/hyrian_foxy/install/hyrian_track/share/hyrian_track/local_setup.zsh
[56.472s] -- Up-to-date: /home/jetson/robot_ws/src/hyrian_foxy/install/hyrian_track/share/hyrian_track/local_setup.dsv
[56.472s] -- Installing: /home/jetson/robot_ws/src/hyrian_foxy/install/hyrian_track/share/hyrian_track/package.dsv
[56.474s] -- Up-to-date: /home/jetson/robot_ws/src/hyrian_foxy/install/hyrian_track/share/ament_index/resource_index/packages/hyrian_track
[56.474s] -- Up-to-date: /home/jetson/robot_ws/src/hyrian_foxy/install/hyrian_track/share/hyrian_track/cmake/hyrian_trackConfig.cmake
[56.475s] -- Up-to-date: /home/jetson/robot_ws/src/hyrian_foxy/install/hyrian_track/share/hyrian_track/cmake/hyrian_trackConfig-version.cmake
[56.475s] -- Up-to-date: /home/jetson/robot_ws/src/hyrian_foxy/install/hyrian_track/share/hyrian_track/package.xml
[56.481s] Invoked command in '/home/jetson/robot_ws/src/hyrian_foxy/build/hyrian_track' returned '0': CMAKE_PREFIX_PATH=${CMAKE_PREFIX_PATH}:/home/jetson/robot_ws/install/hyrian_teleop:/home/jetson/robot_ws/install/hyrian_description:/opt/ros/foxy /usr/bin/cmake --install /home/jetson/robot_ws/src/hyrian_foxy/build/hyrian_track
