[12.209s] DEBUG:colcon:Command line arguments: ['/usr/bin/colcon', 'build', '--packages-select', 'hyrian_track']
[12.209s] DEBUG:colcon:Parsed command line arguments: Namespace(allow_overriding=[], ament_cmake_args=None, base_paths=['.'], build_base='build', catkin_cmake_args=None, catkin_skip_building_tests=False, cmake_args=None, cmake_clean_cache=False, cmake_clean_first=False, cmake_force_configure=False, cmake_target=None, cmake_target_skip_unavailable=False, continue_on_error=False, event_handlers=None, executor='parallel', ignore_user_meta=False, install_base='install', log_base=None, log_level=None, main=<bound method BuildVerb.main of <colcon_core.verb.build.BuildVerb object at 0x7fa8f3f640>>, merge_install=False, metas=['./colcon.meta'], packages_above=None, packages_above_and_dependencies=None, packages_above_depth=None, packages_end=None, packages_ignore=None, packages_ignore_regex=None, packages_select=['hyrian_track'], packages_select_build_failed=False, packages_select_by_dep=None, packages_select_regex=None, packages_select_test_failures=False, packages_skip=None, packages_skip_build_finished=False, packages_skip_by_dep=None, packages_skip_regex=None, packages_skip_test_passed=False, packages_skip_up_to=None, packages_start=None, packages_up_to=None, packages_up_to_regex=None, parallel_workers=4, paths=None, symlink_install=False, test_result_base=None, verb_extension=<colcon_core.verb.build.BuildVerb object at 0x7fa8f3f640>, verb_name='build', verb_parser=<colcon_defaults.argument_parser.defaults.DefaultArgumentsDecorator object at 0x7fa8f3f250>)
[12.723s] Level 1:colcon.colcon_core.package_discovery:discover_packages(colcon_meta) check parameters
[12.724s] Level 1:colcon.colcon_core.package_discovery:discover_packages(recursive) check parameters
[12.724s] Level 1:colcon.colcon_core.package_discovery:discover_packages(ignore) check parameters
[12.724s] Level 1:colcon.colcon_core.package_discovery:discover_packages(path) check parameters
[12.724s] Level 1:colcon.colcon_core.package_discovery:discover_packages(colcon_meta) discover
[12.725s] Level 1:colcon.colcon_core.package_discovery:discover_packages(recursive) discover
[12.725s] INFO:colcon.colcon_core.package_discovery:Crawling recursively for packages in '/home/jetson/robot_ws/src/hyrian_foxy'
[12.725s] Level 1:colcon.colcon_core.package_identification:_identify(.) by extensions ['ignore', 'ignore_ament_install']
[12.726s] Level 1:colcon.colcon_core.package_identification:_identify(.) by extension 'ignore'
[12.726s] Level 1:colcon.colcon_core.package_identification:_identify(.) by extension 'ignore_ament_install'
[12.726s] Level 1:colcon.colcon_core.package_identification:_identify(.) by extensions ['colcon_pkg']
[12.726s] Level 1:colcon.colcon_core.package_identification:_identify(.) by extension 'colcon_pkg'
[12.726s] Level 1:colcon.colcon_core.package_identification:_identify(.) by extensions ['colcon_meta']
[12.727s] Level 1:colcon.colcon_core.package_identification:_identify(.) by extension 'colcon_meta'
[12.727s] Level 1:colcon.colcon_core.package_identification:_identify(.) by extensions ['ros']
[12.727s] Level 1:colcon.colcon_core.package_identification:_identify(.) by extension 'ros'
[12.773s] Level 1:colcon.colcon_core.package_identification:_identify(.) by extensions ['cmake', 'python']
[12.773s] Level 1:colcon.colcon_core.package_identification:_identify(.) by extension 'cmake'
[12.774s] Level 1:colcon.colcon_core.package_identification:_identify(.) by extension 'python'
[12.774s] Level 1:colcon.colcon_core.package_identification:_identify(.) by extensions ['python_setup_py']
[12.774s] Level 1:colcon.colcon_core.package_identification:_identify(.) by extension 'python_setup_py'
[12.775s] Level 1:colcon.colcon_core.package_identification:_identify(build) by extensions ['ignore', 'ignore_ament_install']
[12.775s] Level 1:colcon.colcon_core.package_identification:_identify(build) by extension 'ignore'
[12.775s] Level 1:colcon.colcon_core.package_identification:_identify(build) ignored
[12.776s] Level 1:colcon.colcon_core.package_identification:_identify(hyrian_bringup) by extensions ['ignore', 'ignore_ament_install']
[12.776s] Level 1:colcon.colcon_core.package_identification:_identify(hyrian_bringup) by extension 'ignore'
[12.776s] Level 1:colcon.colcon_core.package_identification:_identify(hyrian_bringup) by extension 'ignore_ament_install'
[12.777s] Level 1:colcon.colcon_core.package_identification:_identify(hyrian_bringup) by extensions ['colcon_pkg']
[12.777s] Level 1:colcon.colcon_core.package_identification:_identify(hyrian_bringup) by extension 'colcon_pkg'
[12.777s] Level 1:colcon.colcon_core.package_identification:_identify(hyrian_bringup) by extensions ['colcon_meta']
[12.777s] Level 1:colcon.colcon_core.package_identification:_identify(hyrian_bringup) by extension 'colcon_meta'
[12.777s] Level 1:colcon.colcon_core.package_identification:_identify(hyrian_bringup) by extensions ['ros']
[12.777s] Level 1:colcon.colcon_core.package_identification:_identify(hyrian_bringup) by extension 'ros'
[12.788s] DEBUG:colcon.colcon_core.package_identification:Package 'hyrian_bringup' with type 'ros.ament_python' and name 'hyrian_bringup'
[12.789s] Level 1:colcon.colcon_core.package_identification:_identify(hyrian_cartographer) by extensions ['ignore', 'ignore_ament_install']
[12.789s] Level 1:colcon.colcon_core.package_identification:_identify(hyrian_cartographer) by extension 'ignore'
[12.790s] Level 1:colcon.colcon_core.package_identification:_identify(hyrian_cartographer) by extension 'ignore_ament_install'
[12.790s] Level 1:colcon.colcon_core.package_identification:_identify(hyrian_cartographer) by extensions ['colcon_pkg']
[12.790s] Level 1:colcon.colcon_core.package_identification:_identify(hyrian_cartographer) by extension 'colcon_pkg'
[12.790s] Level 1:colcon.colcon_core.package_identification:_identify(hyrian_cartographer) by extensions ['colcon_meta']
[12.790s] Level 1:colcon.colcon_core.package_identification:_identify(hyrian_cartographer) by extension 'colcon_meta'
[12.791s] Level 1:colcon.colcon_core.package_identification:_identify(hyrian_cartographer) by extensions ['ros']
[12.791s] Level 1:colcon.colcon_core.package_identification:_identify(hyrian_cartographer) by extension 'ros'
[12.793s] DEBUG:colcon.colcon_core.package_identification:Package 'hyrian_cartographer' with type 'ros.ament_cmake' and name 'hyrian_cartographer'
[12.794s] Level 1:colcon.colcon_core.package_identification:_identify(hyrian_description) by extensions ['ignore', 'ignore_ament_install']
[12.794s] Level 1:colcon.colcon_core.package_identification:_identify(hyrian_description) by extension 'ignore'
[12.794s] Level 1:colcon.colcon_core.package_identification:_identify(hyrian_description) by extension 'ignore_ament_install'
[12.794s] Level 1:colcon.colcon_core.package_identification:_identify(hyrian_description) by extensions ['colcon_pkg']
[12.795s] Level 1:colcon.colcon_core.package_identification:_identify(hyrian_description) by extension 'colcon_pkg'
[12.795s] Level 1:colcon.colcon_core.package_identification:_identify(hyrian_description) by extensions ['colcon_meta']
[12.795s] Level 1:colcon.colcon_core.package_identification:_identify(hyrian_description) by extension 'colcon_meta'
[12.795s] Level 1:colcon.colcon_core.package_identification:_identify(hyrian_description) by extensions ['ros']
[12.795s] Level 1:colcon.colcon_core.package_identification:_identify(hyrian_description) by extension 'ros'
[12.799s] DEBUG:colcon.colcon_core.package_identification:Package 'hyrian_description' with type 'ros.ament_python' and name 'hyrian_description'
[12.799s] Level 1:colcon.colcon_core.package_identification:_identify(hyrian_gazebo) by extensions ['ignore', 'ignore_ament_install']
[12.800s] Level 1:colcon.colcon_core.package_identification:_identify(hyrian_gazebo) by extension 'ignore'
[12.800s] Level 1:colcon.colcon_core.package_identification:_identify(hyrian_gazebo) by extension 'ignore_ament_install'
[12.800s] Level 1:colcon.colcon_core.package_identification:_identify(hyrian_gazebo) by extensions ['colcon_pkg']
[12.800s] Level 1:colcon.colcon_core.package_identification:_identify(hyrian_gazebo) by extension 'colcon_pkg'
[12.800s] Level 1:colcon.colcon_core.package_identification:_identify(hyrian_gazebo) by extensions ['colcon_meta']
[12.801s] Level 1:colcon.colcon_core.package_identification:_identify(hyrian_gazebo) by extension 'colcon_meta'
[12.801s] Level 1:colcon.colcon_core.package_identification:_identify(hyrian_gazebo) by extensions ['ros']
[12.801s] Level 1:colcon.colcon_core.package_identification:_identify(hyrian_gazebo) by extension 'ros'
[12.805s] DEBUG:colcon.colcon_core.package_identification:Package 'hyrian_gazebo' with type 'ros.ament_cmake' and name 'hyrian_gazebo'
[12.806s] Level 1:colcon.colcon_core.package_identification:_identify(hyrian_interfaces) by extensions ['ignore', 'ignore_ament_install']
[12.806s] Level 1:colcon.colcon_core.package_identification:_identify(hyrian_interfaces) by extension 'ignore'
[12.806s] Level 1:colcon.colcon_core.package_identification:_identify(hyrian_interfaces) by extension 'ignore_ament_install'
[12.806s] Level 1:colcon.colcon_core.package_identification:_identify(hyrian_interfaces) by extensions ['colcon_pkg']
[12.807s] Level 1:colcon.colcon_core.package_identification:_identify(hyrian_interfaces) by extension 'colcon_pkg'
[12.807s] Level 1:colcon.colcon_core.package_identification:_identify(hyrian_interfaces) by extensions ['colcon_meta']
[12.807s] Level 1:colcon.colcon_core.package_identification:_identify(hyrian_interfaces) by extension 'colcon_meta'
[12.807s] Level 1:colcon.colcon_core.package_identification:_identify(hyrian_interfaces) by extensions ['ros']
[12.807s] Level 1:colcon.colcon_core.package_identification:_identify(hyrian_interfaces) by extension 'ros'
[12.809s] DEBUG:colcon.colcon_core.package_identification:Package 'hyrian_interfaces' with type 'ros.ament_cmake' and name 'hyrian_interfaces'
[12.810s] Level 1:colcon.colcon_core.package_identification:_identify(hyrian_motion) by extensions ['ignore', 'ignore_ament_install']
[12.810s] Level 1:colcon.colcon_core.package_identification:_identify(hyrian_motion) by extension 'ignore'
[12.810s] Level 1:colcon.colcon_core.package_identification:_identify(hyrian_motion) by extension 'ignore_ament_install'
[12.810s] Level 1:colcon.colcon_core.package_identification:_identify(hyrian_motion) by extensions ['colcon_pkg']
[12.810s] Level 1:colcon.colcon_core.package_identification:_identify(hyrian_motion) by extension 'colcon_pkg'
[12.811s] Level 1:colcon.colcon_core.package_identification:_identify(hyrian_motion) by extensions ['colcon_meta']
[12.811s] Level 1:colcon.colcon_core.package_identification:_identify(hyrian_motion) by extension 'colcon_meta'
[12.811s] Level 1:colcon.colcon_core.package_identification:_identify(hyrian_motion) by extensions ['ros']
[12.811s] Level 1:colcon.colcon_core.package_identification:_identify(hyrian_motion) by extension 'ros'
[12.815s] DEBUG:colcon.colcon_core.package_identification:Package 'hyrian_motion' with type 'ros.ament_cmake' and name 'hyrian_motion'
[12.816s] Level 1:colcon.colcon_core.package_identification:_identify(hyrian_navigation2) by extensions ['ignore', 'ignore_ament_install']
[12.816s] Level 1:colcon.colcon_core.package_identification:_identify(hyrian_navigation2) by extension 'ignore'
[12.816s] Level 1:colcon.colcon_core.package_identification:_identify(hyrian_navigation2) by extension 'ignore_ament_install'
[12.817s] Level 1:colcon.colcon_core.package_identification:_identify(hyrian_navigation2) by extensions ['colcon_pkg']
[12.817s] Level 1:colcon.colcon_core.package_identification:_identify(hyrian_navigation2) by extension 'colcon_pkg'
[12.817s] Level 1:colcon.colcon_core.package_identification:_identify(hyrian_navigation2) by extensions ['colcon_meta']
[12.817s] Level 1:colcon.colcon_core.package_identification:_identify(hyrian_navigation2) by extension 'colcon_meta'
[12.817s] Level 1:colcon.colcon_core.package_identification:_identify(hyrian_navigation2) by extensions ['ros']
[12.817s] Level 1:colcon.colcon_core.package_identification:_identify(hyrian_navigation2) by extension 'ros'
[12.824s] DEBUG:colcon.colcon_core.package_identification:Package 'hyrian_navigation2' with type 'ros.ament_cmake' and name 'hyrian_navigation2'
[12.824s] Level 1:colcon.colcon_core.package_identification:_identify(hyrian_node) by extensions ['ignore', 'ignore_ament_install']
[12.824s] Level 1:colcon.colcon_core.package_identification:_identify(hyrian_node) by extension 'ignore'
[12.825s] Level 1:colcon.colcon_core.package_identification:_identify(hyrian_node) by extension 'ignore_ament_install'
[12.825s] Level 1:colcon.colcon_core.package_identification:_identify(hyrian_node) by extensions ['colcon_pkg']
[12.825s] Level 1:colcon.colcon_core.package_identification:_identify(hyrian_node) by extension 'colcon_pkg'
[12.825s] Level 1:colcon.colcon_core.package_identification:_identify(hyrian_node) by extensions ['colcon_meta']
[12.825s] Level 1:colcon.colcon_core.package_identification:_identify(hyrian_node) by extension 'colcon_meta'
[12.826s] Level 1:colcon.colcon_core.package_identification:_identify(hyrian_node) by extensions ['ros']
[12.826s] Level 1:colcon.colcon_core.package_identification:_identify(hyrian_node) by extension 'ros'
[12.829s] DEBUG:colcon.colcon_core.package_identification:Package 'hyrian_node' with type 'ros.ament_cmake' and name 'hyrian_node'
[12.829s] Level 1:colcon.colcon_core.package_identification:_identify(hyrian_sensor) by extensions ['ignore', 'ignore_ament_install']
[12.829s] Level 1:colcon.colcon_core.package_identification:_identify(hyrian_sensor) by extension 'ignore'
[12.830s] Level 1:colcon.colcon_core.package_identification:_identify(hyrian_sensor) by extension 'ignore_ament_install'
[12.830s] Level 1:colcon.colcon_core.package_identification:_identify(hyrian_sensor) by extensions ['colcon_pkg']
[12.830s] Level 1:colcon.colcon_core.package_identification:_identify(hyrian_sensor) by extension 'colcon_pkg'
[12.830s] Level 1:colcon.colcon_core.package_identification:_identify(hyrian_sensor) by extensions ['colcon_meta']
[12.830s] Level 1:colcon.colcon_core.package_identification:_identify(hyrian_sensor) by extension 'colcon_meta'
[12.831s] Level 1:colcon.colcon_core.package_identification:_identify(hyrian_sensor) by extensions ['ros']
[12.831s] Level 1:colcon.colcon_core.package_identification:_identify(hyrian_sensor) by extension 'ros'
[12.831s] Level 1:colcon.colcon_core.package_identification:_identify(hyrian_sensor) by extensions ['cmake', 'python']
[12.831s] Level 1:colcon.colcon_core.package_identification:_identify(hyrian_sensor) by extension 'cmake'
[12.831s] Level 1:colcon.colcon_core.package_identification:_identify(hyrian_sensor) by extension 'python'
[12.832s] Level 1:colcon.colcon_core.package_identification:_identify(hyrian_sensor) by extensions ['python_setup_py']
[12.832s] Level 1:colcon.colcon_core.package_identification:_identify(hyrian_sensor) by extension 'python_setup_py'
[12.832s] Level 1:colcon.colcon_core.package_identification:_identify(hyrian_sensor/hyrian_imu) by extensions ['ignore', 'ignore_ament_install']
[12.832s] Level 1:colcon.colcon_core.package_identification:_identify(hyrian_sensor/hyrian_imu) by extension 'ignore'
[12.833s] Level 1:colcon.colcon_core.package_identification:_identify(hyrian_sensor/hyrian_imu) by extension 'ignore_ament_install'
[12.833s] Level 1:colcon.colcon_core.package_identification:_identify(hyrian_sensor/hyrian_imu) by extensions ['colcon_pkg']
[12.833s] Level 1:colcon.colcon_core.package_identification:_identify(hyrian_sensor/hyrian_imu) by extension 'colcon_pkg'
[12.833s] Level 1:colcon.colcon_core.package_identification:_identify(hyrian_sensor/hyrian_imu) by extensions ['colcon_meta']
[12.833s] Level 1:colcon.colcon_core.package_identification:_identify(hyrian_sensor/hyrian_imu) by extension 'colcon_meta'
[12.834s] Level 1:colcon.colcon_core.package_identification:_identify(hyrian_sensor/hyrian_imu) by extensions ['ros']
[12.834s] Level 1:colcon.colcon_core.package_identification:_identify(hyrian_sensor/hyrian_imu) by extension 'ros'
[12.838s] DEBUG:colcon.colcon_core.package_identification:Package 'hyrian_sensor/hyrian_imu' with type 'ros.ament_cmake' and name 'hyrian_imu'
[12.839s] Level 1:colcon.colcon_core.package_identification:_identify(hyrian_sensor/hyrian_lidar) by extensions ['ignore', 'ignore_ament_install']
[12.839s] Level 1:colcon.colcon_core.package_identification:_identify(hyrian_sensor/hyrian_lidar) by extension 'ignore'
[12.839s] Level 1:colcon.colcon_core.package_identification:_identify(hyrian_sensor/hyrian_lidar) by extension 'ignore_ament_install'
[12.840s] Level 1:colcon.colcon_core.package_identification:_identify(hyrian_sensor/hyrian_lidar) by extensions ['colcon_pkg']
[12.840s] Level 1:colcon.colcon_core.package_identification:_identify(hyrian_sensor/hyrian_lidar) by extension 'colcon_pkg'
[12.840s] Level 1:colcon.colcon_core.package_identification:_identify(hyrian_sensor/hyrian_lidar) by extensions ['colcon_meta']
[12.840s] Level 1:colcon.colcon_core.package_identification:_identify(hyrian_sensor/hyrian_lidar) by extension 'colcon_meta'
[12.840s] Level 1:colcon.colcon_core.package_identification:_identify(hyrian_sensor/hyrian_lidar) by extensions ['ros']
[12.840s] Level 1:colcon.colcon_core.package_identification:_identify(hyrian_sensor/hyrian_lidar) by extension 'ros'
[12.842s] DEBUG:colcon.colcon_core.package_identification:Package 'hyrian_sensor/hyrian_lidar' with type 'ros.ament_cmake' and name 'hyrian_lidar'
[12.843s] Level 1:colcon.colcon_core.package_identification:_identify(hyrian_sensor/hyrian_sensor) by extensions ['ignore', 'ignore_ament_install']
[12.843s] Level 1:colcon.colcon_core.package_identification:_identify(hyrian_sensor/hyrian_sensor) by extension 'ignore'
[12.843s] Level 1:colcon.colcon_core.package_identification:_identify(hyrian_sensor/hyrian_sensor) by extension 'ignore_ament_install'
[12.843s] Level 1:colcon.colcon_core.package_identification:_identify(hyrian_sensor/hyrian_sensor) by extensions ['colcon_pkg']
[12.844s] Level 1:colcon.colcon_core.package_identification:_identify(hyrian_sensor/hyrian_sensor) by extension 'colcon_pkg'
[12.844s] Level 1:colcon.colcon_core.package_identification:_identify(hyrian_sensor/hyrian_sensor) by extensions ['colcon_meta']
[12.844s] Level 1:colcon.colcon_core.package_identification:_identify(hyrian_sensor/hyrian_sensor) by extension 'colcon_meta'
[12.844s] Level 1:colcon.colcon_core.package_identification:_identify(hyrian_sensor/hyrian_sensor) by extensions ['ros']
[12.844s] Level 1:colcon.colcon_core.package_identification:_identify(hyrian_sensor/hyrian_sensor) by extension 'ros'
[12.847s] DEBUG:colcon.colcon_core.package_identification:Package 'hyrian_sensor/hyrian_sensor' with type 'ros.ament_cmake' and name 'hyrian_sensor'
[12.847s] Level 1:colcon.colcon_core.package_identification:_identify(hyrian_teleop) by extensions ['ignore', 'ignore_ament_install']
[12.848s] Level 1:colcon.colcon_core.package_identification:_identify(hyrian_teleop) by extension 'ignore'
[12.848s] Level 1:colcon.colcon_core.package_identification:_identify(hyrian_teleop) by extension 'ignore_ament_install'
[12.848s] Level 1:colcon.colcon_core.package_identification:_identify(hyrian_teleop) by extensions ['colcon_pkg']
[12.848s] Level 1:colcon.colcon_core.package_identification:_identify(hyrian_teleop) by extension 'colcon_pkg'
[12.849s] Level 1:colcon.colcon_core.package_identification:_identify(hyrian_teleop) by extensions ['colcon_meta']
[12.849s] Level 1:colcon.colcon_core.package_identification:_identify(hyrian_teleop) by extension 'colcon_meta'
[12.849s] Level 1:colcon.colcon_core.package_identification:_identify(hyrian_teleop) by extensions ['ros']
[12.849s] Level 1:colcon.colcon_core.package_identification:_identify(hyrian_teleop) by extension 'ros'
[12.851s] DEBUG:colcon.colcon_core.package_identification:Package 'hyrian_teleop' with type 'ros.ament_python' and name 'hyrian_teleop'
[12.852s] Level 1:colcon.colcon_core.package_identification:_identify(hyrian_track) by extensions ['ignore', 'ignore_ament_install']
[12.852s] Level 1:colcon.colcon_core.package_identification:_identify(hyrian_track) by extension 'ignore'
[12.853s] Level 1:colcon.colcon_core.package_identification:_identify(hyrian_track) by extension 'ignore_ament_install'
[12.853s] Level 1:colcon.colcon_core.package_identification:_identify(hyrian_track) by extensions ['colcon_pkg']
[12.853s] Level 1:colcon.colcon_core.package_identification:_identify(hyrian_track) by extension 'colcon_pkg'
[12.853s] Level 1:colcon.colcon_core.package_identification:_identify(hyrian_track) by extensions ['colcon_meta']
[12.854s] Level 1:colcon.colcon_core.package_identification:_identify(hyrian_track) by extension 'colcon_meta'
[12.854s] Level 1:colcon.colcon_core.package_identification:_identify(hyrian_track) by extensions ['ros']
[12.854s] Level 1:colcon.colcon_core.package_identification:_identify(hyrian_track) by extension 'ros'
[12.858s] DEBUG:colcon.colcon_core.package_identification:Package 'hyrian_track' with type 'ros.ament_cmake' and name 'hyrian_track'
[12.858s] Level 1:colcon.colcon_core.package_identification:_identify(install) by extensions ['ignore', 'ignore_ament_install']
[12.858s] Level 1:colcon.colcon_core.package_identification:_identify(install) by extension 'ignore'
[12.859s] Level 1:colcon.colcon_core.package_identification:_identify(install) ignored
[12.859s] Level 1:colcon.colcon_core.package_identification:_identify(log) by extensions ['ignore', 'ignore_ament_install']
[12.859s] Level 1:colcon.colcon_core.package_identification:_identify(log) by extension 'ignore'
[12.859s] Level 1:colcon.colcon_core.package_identification:_identify(log) ignored
[12.860s] Level 1:colcon.colcon_core.package_discovery:discover_packages(recursive) using defaults
[12.860s] Level 1:colcon.colcon_core.package_discovery:discover_packages(ignore) discover
[12.860s] Level 1:colcon.colcon_core.package_discovery:discover_packages(ignore) using defaults
[12.860s] Level 1:colcon.colcon_core.package_discovery:discover_packages(path) discover
[12.860s] Level 1:colcon.colcon_core.package_discovery:discover_packages(path) using defaults
[13.569s] INFO:colcon.colcon_core.package_selection:Skipping not selected package 'hyrian_cartographer' in 'hyrian_cartographer'
[13.569s] INFO:colcon.colcon_core.package_selection:Skipping not selected package 'hyrian_description' in 'hyrian_description'
[13.569s] INFO:colcon.colcon_core.package_selection:Skipping not selected package 'hyrian_gazebo' in 'hyrian_gazebo'
[13.569s] INFO:colcon.colcon_core.package_selection:Skipping not selected package 'hyrian_imu' in 'hyrian_sensor/hyrian_imu'
[13.569s] INFO:colcon.colcon_core.package_selection:Skipping not selected package 'hyrian_interfaces' in 'hyrian_interfaces'
[13.570s] INFO:colcon.colcon_core.package_selection:Skipping not selected package 'hyrian_lidar' in 'hyrian_sensor/hyrian_lidar'
[13.570s] INFO:colcon.colcon_core.package_selection:Skipping not selected package 'hyrian_node' in 'hyrian_node'
[13.570s] INFO:colcon.colcon_core.package_selection:Skipping not selected package 'hyrian_teleop' in 'hyrian_teleop'
[13.570s] INFO:colcon.colcon_core.package_selection:Skipping not selected package 'hyrian_bringup' in 'hyrian_bringup'
[13.570s] INFO:colcon.colcon_core.package_selection:Skipping not selected package 'hyrian_motion' in 'hyrian_motion'
[13.570s] INFO:colcon.colcon_core.package_selection:Skipping not selected package 'hyrian_navigation2' in 'hyrian_navigation2'
[13.570s] INFO:colcon.colcon_core.package_selection:Skipping not selected package 'hyrian_sensor' in 'hyrian_sensor/hyrian_sensor'
[13.975s] Level 1:colcon.colcon_core.package_discovery:discover_packages(prefix_path) check parameters
[13.975s] Level 1:colcon.colcon_core.package_discovery:discover_packages(prefix_path) discover
[14.391s] DEBUG:colcon.colcon_installed_package_information.package_discovery:Found 15 installed packages in /home/jetson/robot_ws/install
[14.603s] DEBUG:colcon.colcon_installed_package_information.package_discovery:Found 260 installed packages in /opt/ros/foxy
[14.611s] Level 1:colcon.colcon_core.package_discovery:discover_packages(prefix_path) using defaults
[15.382s] Level 5:colcon.colcon_core.verb:set package 'hyrian_track' build argument 'cmake_args' from command line to 'None'
[15.382s] Level 5:colcon.colcon_core.verb:set package 'hyrian_track' build argument 'cmake_target' from command line to 'None'
[15.382s] Level 5:colcon.colcon_core.verb:set package 'hyrian_track' build argument 'cmake_target_skip_unavailable' from command line to 'False'
[15.382s] Level 5:colcon.colcon_core.verb:set package 'hyrian_track' build argument 'cmake_clean_cache' from command line to 'False'
[15.382s] Level 5:colcon.colcon_core.verb:set package 'hyrian_track' build argument 'cmake_clean_first' from command line to 'False'
[15.383s] Level 5:colcon.colcon_core.verb:set package 'hyrian_track' build argument 'cmake_force_configure' from command line to 'False'
[15.383s] Level 5:colcon.colcon_core.verb:set package 'hyrian_track' build argument 'ament_cmake_args' from command line to 'None'
[15.383s] Level 5:colcon.colcon_core.verb:set package 'hyrian_track' build argument 'catkin_cmake_args' from command line to 'None'
[15.383s] Level 5:colcon.colcon_core.verb:set package 'hyrian_track' build argument 'catkin_skip_building_tests' from command line to 'False'
[15.383s] DEBUG:colcon.colcon_core.verb:Building package 'hyrian_track' with the following arguments: {'ament_cmake_args': None, 'build_base': '/home/jetson/robot_ws/src/hyrian_foxy/build/hyrian_track', 'catkin_cmake_args': None, 'catkin_skip_building_tests': False, 'cmake_args': None, 'cmake_clean_cache': False, 'cmake_clean_first': False, 'cmake_force_configure': False, 'cmake_target': None, 'cmake_target_skip_unavailable': False, 'install_base': '/home/jetson/robot_ws/src/hyrian_foxy/install/hyrian_track', 'merge_install': False, 'path': '/home/jetson/robot_ws/src/hyrian_foxy/hyrian_track', 'symlink_install': False, 'test_result_base': None}
[15.585s] INFO:colcon.colcon_core.executor:Executing jobs using 'parallel' executor
[15.794s] DEBUG:colcon.colcon_parallel_executor.executor.parallel:run_until_complete
[15.795s] INFO:colcon.colcon_ros.task.ament_cmake.build:Building ROS package in '/home/jetson/robot_ws/src/hyrian_foxy/hyrian_track' with build type 'ament_cmake'
[15.795s] INFO:colcon.colcon_cmake.task.cmake.build:Building CMake package in '/home/jetson/robot_ws/src/hyrian_foxy/hyrian_track'
[16.015s] INFO:colcon.colcon_core.plugin_system:Skipping extension 'colcon_core.shell.bat': Not used on non-Windows systems
[16.016s] INFO:colcon.colcon_core.shell:Skip shell extension 'powershell' for command environment: Not usable outside of PowerShell
[16.016s] DEBUG:colcon.colcon_core.shell:Skip shell extension 'dsv' for command environment
[16.700s] DEBUG:colcon.colcon_core.event_handler.log_command:Invoking command in '/home/jetson/robot_ws/src/hyrian_foxy/build/hyrian_track': CMAKE_PREFIX_PATH=${CMAKE_PREFIX_PATH}:/home/jetson/robot_ws/install/hyrian_teleop:/home/jetson/robot_ws/install/hyrian_description:/opt/ros/foxy /usr/bin/cmake --build /home/jetson/robot_ws/src/hyrian_foxy/build/hyrian_track -- -j4 -l4
[69.014s] DEBUG:colcon.colcon_core.event_handler.log_command:Invoked command in '/home/jetson/robot_ws/src/hyrian_foxy/build/hyrian_track' returned '0': CMAKE_PREFIX_PATH=${CMAKE_PREFIX_PATH}:/home/jetson/robot_ws/install/hyrian_teleop:/home/jetson/robot_ws/install/hyrian_description:/opt/ros/foxy /usr/bin/cmake --build /home/jetson/robot_ws/src/hyrian_foxy/build/hyrian_track -- -j4 -l4
[69.153s] DEBUG:colcon.colcon_core.event_handler.log_command:Invoking command in '/home/jetson/robot_ws/src/hyrian_foxy/build/hyrian_track': CMAKE_PREFIX_PATH=${CMAKE_PREFIX_PATH}:/home/jetson/robot_ws/install/hyrian_teleop:/home/jetson/robot_ws/install/hyrian_description:/opt/ros/foxy /usr/bin/cmake --install /home/jetson/robot_ws/src/hyrian_foxy/build/hyrian_track
[69.214s] Level 1:colcon.colcon_core.environment:create_environment_scripts_only(hyrian_track)
[69.216s] DEBUG:colcon.colcon_core.event_handler.log_command:Invoked command in '/home/jetson/robot_ws/src/hyrian_foxy/build/hyrian_track' returned '0': CMAKE_PREFIX_PATH=${CMAKE_PREFIX_PATH}:/home/jetson/robot_ws/install/hyrian_teleop:/home/jetson/robot_ws/install/hyrian_description:/opt/ros/foxy /usr/bin/cmake --install /home/jetson/robot_ws/src/hyrian_foxy/build/hyrian_track
[69.439s] Level 1:colcon.colcon_core.environment:checking '/home/jetson/robot_ws/src/hyrian_foxy/install/hyrian_track' for CMake module files
[69.442s] Level 1:colcon.colcon_core.environment:checking '/home/jetson/robot_ws/src/hyrian_foxy/install/hyrian_track' for CMake config files
[69.443s] Level 1:colcon.colcon_core.shell:create_environment_hook('hyrian_track', 'cmake_prefix_path')
[69.664s] INFO:colcon.colcon_core.shell:Creating environment hook '/home/jetson/robot_ws/src/hyrian_foxy/install/hyrian_track/share/hyrian_track/hook/cmake_prefix_path.ps1'
[69.667s] INFO:colcon.colcon_core.shell:Creating environment descriptor '/home/jetson/robot_ws/src/hyrian_foxy/install/hyrian_track/share/hyrian_track/hook/cmake_prefix_path.dsv'
[69.669s] INFO:colcon.colcon_core.shell:Creating environment hook '/home/jetson/robot_ws/src/hyrian_foxy/install/hyrian_track/share/hyrian_track/hook/cmake_prefix_path.sh'
[69.672s] Level 1:colcon.colcon_core.environment:checking '/home/jetson/robot_ws/src/hyrian_foxy/install/hyrian_track/lib'
[69.673s] Level 1:colcon.colcon_core.environment:checking '/home/jetson/robot_ws/src/hyrian_foxy/install/hyrian_track/bin'
[69.673s] Level 1:colcon.colcon_core.environment:checking '/home/jetson/robot_ws/src/hyrian_foxy/install/hyrian_track/lib/pkgconfig/hyrian_track.pc'
[69.674s] Level 1:colcon.colcon_core.environment:checking '/home/jetson/robot_ws/src/hyrian_foxy/install/hyrian_track/lib/python3.8/site-packages'
[69.675s] Level 1:colcon.colcon_core.environment:checking '/home/jetson/robot_ws/src/hyrian_foxy/install/hyrian_track/bin'
[69.897s] INFO:colcon.colcon_core.shell:Creating package script '/home/jetson/robot_ws/src/hyrian_foxy/install/hyrian_track/share/hyrian_track/package.ps1'
[69.902s] INFO:colcon.colcon_core.shell:Creating package descriptor '/home/jetson/robot_ws/src/hyrian_foxy/install/hyrian_track/share/hyrian_track/package.dsv'
[69.904s] INFO:colcon.colcon_core.shell:Creating package script '/home/jetson/robot_ws/src/hyrian_foxy/install/hyrian_track/share/hyrian_track/package.sh'
[69.907s] INFO:colcon.colcon_core.shell:Creating package script '/home/jetson/robot_ws/src/hyrian_foxy/install/hyrian_track/share/hyrian_track/package.bash'
[69.910s] INFO:colcon.colcon_core.shell:Creating package script '/home/jetson/robot_ws/src/hyrian_foxy/install/hyrian_track/share/hyrian_track/package.zsh'
[69.913s] Level 1:colcon.colcon_core.environment:create_file_with_runtime_dependencies(/home/jetson/robot_ws/src/hyrian_foxy/install/hyrian_track/share/colcon-core/packages/hyrian_track)
[70.278s] Level 1:colcon.colcon_core.environment:create_environment_scripts_only(hyrian_track)
[70.495s] Level 1:colcon.colcon_core.environment:checking '/home/jetson/robot_ws/src/hyrian_foxy/install/hyrian_track' for CMake module files
[70.498s] Level 1:colcon.colcon_core.environment:checking '/home/jetson/robot_ws/src/hyrian_foxy/install/hyrian_track' for CMake config files
[70.499s] Level 1:colcon.colcon_core.shell:create_environment_hook('hyrian_track', 'cmake_prefix_path')
[70.719s] INFO:colcon.colcon_core.shell:Creating environment hook '/home/jetson/robot_ws/src/hyrian_foxy/install/hyrian_track/share/hyrian_track/hook/cmake_prefix_path.ps1'
[70.721s] INFO:colcon.colcon_core.shell:Creating environment descriptor '/home/jetson/robot_ws/src/hyrian_foxy/install/hyrian_track/share/hyrian_track/hook/cmake_prefix_path.dsv'
[70.722s] INFO:colcon.colcon_core.shell:Creating environment hook '/home/jetson/robot_ws/src/hyrian_foxy/install/hyrian_track/share/hyrian_track/hook/cmake_prefix_path.sh'
[70.724s] Level 1:colcon.colcon_core.environment:checking '/home/jetson/robot_ws/src/hyrian_foxy/install/hyrian_track/lib'
[70.724s] Level 1:colcon.colcon_core.environment:checking '/home/jetson/robot_ws/src/hyrian_foxy/install/hyrian_track/bin'
[70.725s] Level 1:colcon.colcon_core.environment:checking '/home/jetson/robot_ws/src/hyrian_foxy/install/hyrian_track/lib/pkgconfig/hyrian_track.pc'
[70.726s] Level 1:colcon.colcon_core.environment:checking '/home/jetson/robot_ws/src/hyrian_foxy/install/hyrian_track/lib/python3.8/site-packages'
[70.726s] Level 1:colcon.colcon_core.environment:checking '/home/jetson/robot_ws/src/hyrian_foxy/install/hyrian_track/bin'
[70.948s] INFO:colcon.colcon_core.shell:Creating package script '/home/jetson/robot_ws/src/hyrian_foxy/install/hyrian_track/share/hyrian_track/package.ps1'
[70.951s] INFO:colcon.colcon_core.shell:Creating package descriptor '/home/jetson/robot_ws/src/hyrian_foxy/install/hyrian_track/share/hyrian_track/package.dsv'
[70.952s] INFO:colcon.colcon_core.shell:Creating package script '/home/jetson/robot_ws/src/hyrian_foxy/install/hyrian_track/share/hyrian_track/package.sh'
[70.955s] INFO:colcon.colcon_core.shell:Creating package script '/home/jetson/robot_ws/src/hyrian_foxy/install/hyrian_track/share/hyrian_track/package.bash'
[70.957s] INFO:colcon.colcon_core.shell:Creating package script '/home/jetson/robot_ws/src/hyrian_foxy/install/hyrian_track/share/hyrian_track/package.zsh'
[70.958s] Level 1:colcon.colcon_core.environment:create_file_with_runtime_dependencies(/home/jetson/robot_ws/src/hyrian_foxy/install/hyrian_track/share/colcon-core/packages/hyrian_track)
[70.959s] DEBUG:colcon.colcon_parallel_executor.executor.parallel:closing loop
[70.961s] DEBUG:colcon.colcon_parallel_executor.executor.parallel:loop closed
[70.961s] DEBUG:colcon.colcon_parallel_executor.executor.parallel:run_until_complete finished with '0'
[70.962s] DEBUG:colcon.colcon_core.event_reactor:joining thread
[71.191s] INFO:colcon.colcon_core.plugin_system:Skipping extension 'colcon_notification.desktop_notification.terminal_notifier': Not used on non-Darwin systems
[71.192s] INFO:colcon.colcon_core.plugin_system:Skipping extension 'colcon_notification.desktop_notification.win32': Not used on non-Windows systems
[71.192s] INFO:colcon.colcon_notification.desktop_notification:Sending desktop notification using 'notify2'
[71.247s] DEBUG:colcon.colcon_core.event_reactor:joined thread
[71.481s] INFO:colcon.colcon_core.shell:Creating prefix script '/home/jetson/robot_ws/src/hyrian_foxy/install/local_setup.ps1'
[71.486s] INFO:colcon.colcon_core.shell:Creating prefix util module '/home/jetson/robot_ws/src/hyrian_foxy/install/_local_setup_util_ps1.py'
[71.492s] INFO:colcon.colcon_core.shell:Creating prefix chain script '/home/jetson/robot_ws/src/hyrian_foxy/install/setup.ps1'
[71.712s] INFO:colcon.colcon_core.shell:Creating prefix script '/home/jetson/robot_ws/src/hyrian_foxy/install/local_setup.sh'
[71.714s] INFO:colcon.colcon_core.shell:Creating prefix util module '/home/jetson/robot_ws/src/hyrian_foxy/install/_local_setup_util_sh.py'
[71.716s] INFO:colcon.colcon_core.shell:Creating prefix chain script '/home/jetson/robot_ws/src/hyrian_foxy/install/setup.sh'
[71.956s] INFO:colcon.colcon_core.shell:Creating prefix script '/home/jetson/robot_ws/src/hyrian_foxy/install/local_setup.bash'
[71.958s] INFO:colcon.colcon_core.shell:Creating prefix chain script '/home/jetson/robot_ws/src/hyrian_foxy/install/setup.bash'
[72.182s] INFO:colcon.colcon_core.shell:Creating prefix script '/home/jetson/robot_ws/src/hyrian_foxy/install/local_setup.zsh'
[72.184s] INFO:colcon.colcon_core.shell:Creating prefix chain script '/home/jetson/robot_ws/src/hyrian_foxy/install/setup.zsh'
