[12.234s] DEBUG:colcon:Command line arguments: ['/usr/bin/colcon', 'build', '--packages-select', 'hyrian_track']
[12.234s] DEBUG:colcon:Parsed command line arguments: Namespace(allow_overriding=[], ament_cmake_args=None, base_paths=['.'], build_base='build', catkin_cmake_args=None, catkin_skip_building_tests=False, cmake_args=None, cmake_clean_cache=False, cmake_clean_first=False, cmake_force_configure=False, cmake_target=None, cmake_target_skip_unavailable=False, continue_on_error=False, event_handlers=None, executor='parallel', ignore_user_meta=False, install_base='install', log_base=None, log_level=None, main=<bound method BuildVerb.main of <colcon_core.verb.build.BuildVerb object at 0x7f7699c0a0>>, merge_install=False, metas=['./colcon.meta'], packages_above=None, packages_above_and_dependencies=None, packages_above_depth=None, packages_end=None, packages_ignore=None, packages_ignore_regex=None, packages_select=['hyrian_track'], packages_select_build_failed=False, packages_select_by_dep=None, packages_select_regex=None, packages_select_test_failures=False, packages_skip=None, packages_skip_build_finished=False, packages_skip_by_dep=None, packages_skip_regex=None, packages_skip_test_passed=False, packages_skip_up_to=None, packages_start=None, packages_up_to=None, packages_up_to_regex=None, parallel_workers=4, paths=None, symlink_install=False, test_result_base=None, verb_extension=<colcon_core.verb.build.BuildVerb object at 0x7f7699c0a0>, verb_name='build', verb_parser=<colcon_defaults.argument_parser.defaults.DefaultArgumentsDecorator object at 0x7f769b9910>)
[12.750s] Level 1:colcon.colcon_core.package_discovery:discover_packages(colcon_meta) check parameters
[12.750s] Level 1:colcon.colcon_core.package_discovery:discover_packages(recursive) check parameters
[12.750s] Level 1:colcon.colcon_core.package_discovery:discover_packages(ignore) check parameters
[12.750s] Level 1:colcon.colcon_core.package_discovery:discover_packages(path) check parameters
[12.751s] Level 1:colcon.colcon_core.package_discovery:discover_packages(colcon_meta) discover
[12.751s] Level 1:colcon.colcon_core.package_discovery:discover_packages(recursive) discover
[12.751s] INFO:colcon.colcon_core.package_discovery:Crawling recursively for packages in '/home/jetson/robot_ws/src/hyrian_foxy'
[12.751s] Level 1:colcon.colcon_core.package_identification:_identify(.) by extensions ['ignore', 'ignore_ament_install']
[12.752s] Level 1:colcon.colcon_core.package_identification:_identify(.) by extension 'ignore'
[12.752s] Level 1:colcon.colcon_core.package_identification:_identify(.) by extension 'ignore_ament_install'
[12.752s] Level 1:colcon.colcon_core.package_identification:_identify(.) by extensions ['colcon_pkg']
[12.752s] Level 1:colcon.colcon_core.package_identification:_identify(.) by extension 'colcon_pkg'
[12.753s] Level 1:colcon.colcon_core.package_identification:_identify(.) by extensions ['colcon_meta']
[12.753s] Level 1:colcon.colcon_core.package_identification:_identify(.) by extension 'colcon_meta'
[12.753s] Level 1:colcon.colcon_core.package_identification:_identify(.) by extensions ['ros']
[12.753s] Level 1:colcon.colcon_core.package_identification:_identify(.) by extension 'ros'
[12.800s] Level 1:colcon.colcon_core.package_identification:_identify(.) by extensions ['cmake', 'python']
[12.800s] Level 1:colcon.colcon_core.package_identification:_identify(.) by extension 'cmake'
[12.800s] Level 1:colcon.colcon_core.package_identification:_identify(.) by extension 'python'
[12.800s] Level 1:colcon.colcon_core.package_identification:_identify(.) by extensions ['python_setup_py']
[12.801s] Level 1:colcon.colcon_core.package_identification:_identify(.) by extension 'python_setup_py'
[12.801s] Level 1:colcon.colcon_core.package_identification:_identify(build) by extensions ['ignore', 'ignore_ament_install']
[12.801s] Level 1:colcon.colcon_core.package_identification:_identify(build) by extension 'ignore'
[12.802s] Level 1:colcon.colcon_core.package_identification:_identify(build) ignored
[12.802s] Level 1:colcon.colcon_core.package_identification:_identify(hyrian_bringup) by extensions ['ignore', 'ignore_ament_install']
[12.803s] Level 1:colcon.colcon_core.package_identification:_identify(hyrian_bringup) by extension 'ignore'
[12.803s] Level 1:colcon.colcon_core.package_identification:_identify(hyrian_bringup) by extension 'ignore_ament_install'
[12.803s] Level 1:colcon.colcon_core.package_identification:_identify(hyrian_bringup) by extensions ['colcon_pkg']
[12.803s] Level 1:colcon.colcon_core.package_identification:_identify(hyrian_bringup) by extension 'colcon_pkg'
[12.803s] Level 1:colcon.colcon_core.package_identification:_identify(hyrian_bringup) by extensions ['colcon_meta']
[12.803s] Level 1:colcon.colcon_core.package_identification:_identify(hyrian_bringup) by extension 'colcon_meta'
[12.804s] Level 1:colcon.colcon_core.package_identification:_identify(hyrian_bringup) by extensions ['ros']
[12.804s] Level 1:colcon.colcon_core.package_identification:_identify(hyrian_bringup) by extension 'ros'
[12.815s] DEBUG:colcon.colcon_core.package_identification:Package 'hyrian_bringup' with type 'ros.ament_python' and name 'hyrian_bringup'
[12.815s] Level 1:colcon.colcon_core.package_identification:_identify(hyrian_cartographer) by extensions ['ignore', 'ignore_ament_install']
[12.815s] Level 1:colcon.colcon_core.package_identification:_identify(hyrian_cartographer) by extension 'ignore'
[12.816s] Level 1:colcon.colcon_core.package_identification:_identify(hyrian_cartographer) by extension 'ignore_ament_install'
[12.816s] Level 1:colcon.colcon_core.package_identification:_identify(hyrian_cartographer) by extensions ['colcon_pkg']
[12.816s] Level 1:colcon.colcon_core.package_identification:_identify(hyrian_cartographer) by extension 'colcon_pkg'
[12.816s] Level 1:colcon.colcon_core.package_identification:_identify(hyrian_cartographer) by extensions ['colcon_meta']
[12.816s] Level 1:colcon.colcon_core.package_identification:_identify(hyrian_cartographer) by extension 'colcon_meta'
[12.817s] Level 1:colcon.colcon_core.package_identification:_identify(hyrian_cartographer) by extensions ['ros']
[12.817s] Level 1:colcon.colcon_core.package_identification:_identify(hyrian_cartographer) by extension 'ros'
[12.819s] DEBUG:colcon.colcon_core.package_identification:Package 'hyrian_cartographer' with type 'ros.ament_cmake' and name 'hyrian_cartographer'
[12.819s] Level 1:colcon.colcon_core.package_identification:_identify(hyrian_description) by extensions ['ignore', 'ignore_ament_install']
[12.820s] Level 1:colcon.colcon_core.package_identification:_identify(hyrian_description) by extension 'ignore'
[12.820s] Level 1:colcon.colcon_core.package_identification:_identify(hyrian_description) by extension 'ignore_ament_install'
[12.820s] Level 1:colcon.colcon_core.package_identification:_identify(hyrian_description) by extensions ['colcon_pkg']
[12.820s] Level 1:colcon.colcon_core.package_identification:_identify(hyrian_description) by extension 'colcon_pkg'
[12.821s] Level 1:colcon.colcon_core.package_identification:_identify(hyrian_description) by extensions ['colcon_meta']
[12.821s] Level 1:colcon.colcon_core.package_identification:_identify(hyrian_description) by extension 'colcon_meta'
[12.821s] Level 1:colcon.colcon_core.package_identification:_identify(hyrian_description) by extensions ['ros']
[12.821s] Level 1:colcon.colcon_core.package_identification:_identify(hyrian_description) by extension 'ros'
[12.824s] DEBUG:colcon.colcon_core.package_identification:Package 'hyrian_description' with type 'ros.ament_python' and name 'hyrian_description'
[12.825s] Level 1:colcon.colcon_core.package_identification:_identify(hyrian_gazebo) by extensions ['ignore', 'ignore_ament_install']
[12.825s] Level 1:colcon.colcon_core.package_identification:_identify(hyrian_gazebo) by extension 'ignore'
[12.825s] Level 1:colcon.colcon_core.package_identification:_identify(hyrian_gazebo) by extension 'ignore_ament_install'
[12.826s] Level 1:colcon.colcon_core.package_identification:_identify(hyrian_gazebo) by extensions ['colcon_pkg']
[12.826s] Level 1:colcon.colcon_core.package_identification:_identify(hyrian_gazebo) by extension 'colcon_pkg'
[12.826s] Level 1:colcon.colcon_core.package_identification:_identify(hyrian_gazebo) by extensions ['colcon_meta']
[12.826s] Level 1:colcon.colcon_core.package_identification:_identify(hyrian_gazebo) by extension 'colcon_meta'
[12.826s] Level 1:colcon.colcon_core.package_identification:_identify(hyrian_gazebo) by extensions ['ros']
[12.827s] Level 1:colcon.colcon_core.package_identification:_identify(hyrian_gazebo) by extension 'ros'
[12.831s] DEBUG:colcon.colcon_core.package_identification:Package 'hyrian_gazebo' with type 'ros.ament_cmake' and name 'hyrian_gazebo'
[12.831s] Level 1:colcon.colcon_core.package_identification:_identify(hyrian_interfaces) by extensions ['ignore', 'ignore_ament_install']
[12.831s] Level 1:colcon.colcon_core.package_identification:_identify(hyrian_interfaces) by extension 'ignore'
[12.832s] Level 1:colcon.colcon_core.package_identification:_identify(hyrian_interfaces) by extension 'ignore_ament_install'
[12.832s] Level 1:colcon.colcon_core.package_identification:_identify(hyrian_interfaces) by extensions ['colcon_pkg']
[12.832s] Level 1:colcon.colcon_core.package_identification:_identify(hyrian_interfaces) by extension 'colcon_pkg'
[12.832s] Level 1:colcon.colcon_core.package_identification:_identify(hyrian_interfaces) by extensions ['colcon_meta']
[12.832s] Level 1:colcon.colcon_core.package_identification:_identify(hyrian_interfaces) by extension 'colcon_meta'
[12.832s] Level 1:colcon.colcon_core.package_identification:_identify(hyrian_interfaces) by extensions ['ros']
[12.833s] Level 1:colcon.colcon_core.package_identification:_identify(hyrian_interfaces) by extension 'ros'
[12.834s] DEBUG:colcon.colcon_core.package_identification:Package 'hyrian_interfaces' with type 'ros.ament_cmake' and name 'hyrian_interfaces'
[12.835s] Level 1:colcon.colcon_core.package_identification:_identify(hyrian_motion) by extensions ['ignore', 'ignore_ament_install']
[12.835s] Level 1:colcon.colcon_core.package_identification:_identify(hyrian_motion) by extension 'ignore'
[12.835s] Level 1:colcon.colcon_core.package_identification:_identify(hyrian_motion) by extension 'ignore_ament_install'
[12.836s] Level 1:colcon.colcon_core.package_identification:_identify(hyrian_motion) by extensions ['colcon_pkg']
[12.836s] Level 1:colcon.colcon_core.package_identification:_identify(hyrian_motion) by extension 'colcon_pkg'
[12.836s] Level 1:colcon.colcon_core.package_identification:_identify(hyrian_motion) by extensions ['colcon_meta']
[12.836s] Level 1:colcon.colcon_core.package_identification:_identify(hyrian_motion) by extension 'colcon_meta'
[12.836s] Level 1:colcon.colcon_core.package_identification:_identify(hyrian_motion) by extensions ['ros']
[12.836s] Level 1:colcon.colcon_core.package_identification:_identify(hyrian_motion) by extension 'ros'
[12.840s] DEBUG:colcon.colcon_core.package_identification:Package 'hyrian_motion' with type 'ros.ament_cmake' and name 'hyrian_motion'
[12.841s] Level 1:colcon.colcon_core.package_identification:_identify(hyrian_navigation2) by extensions ['ignore', 'ignore_ament_install']
[12.841s] Level 1:colcon.colcon_core.package_identification:_identify(hyrian_navigation2) by extension 'ignore'
[12.841s] Level 1:colcon.colcon_core.package_identification:_identify(hyrian_navigation2) by extension 'ignore_ament_install'
[12.842s] Level 1:colcon.colcon_core.package_identification:_identify(hyrian_navigation2) by extensions ['colcon_pkg']
[12.842s] Level 1:colcon.colcon_core.package_identification:_identify(hyrian_navigation2) by extension 'colcon_pkg'
[12.842s] Level 1:colcon.colcon_core.package_identification:_identify(hyrian_navigation2) by extensions ['colcon_meta']
[12.842s] Level 1:colcon.colcon_core.package_identification:_identify(hyrian_navigation2) by extension 'colcon_meta'
[12.842s] Level 1:colcon.colcon_core.package_identification:_identify(hyrian_navigation2) by extensions ['ros']
[12.843s] Level 1:colcon.colcon_core.package_identification:_identify(hyrian_navigation2) by extension 'ros'
[12.848s] DEBUG:colcon.colcon_core.package_identification:Package 'hyrian_navigation2' with type 'ros.ament_cmake' and name 'hyrian_navigation2'
[12.849s] Level 1:colcon.colcon_core.package_identification:_identify(hyrian_node) by extensions ['ignore', 'ignore_ament_install']
[12.849s] Level 1:colcon.colcon_core.package_identification:_identify(hyrian_node) by extension 'ignore'
[12.849s] Level 1:colcon.colcon_core.package_identification:_identify(hyrian_node) by extension 'ignore_ament_install'
[12.850s] Level 1:colcon.colcon_core.package_identification:_identify(hyrian_node) by extensions ['colcon_pkg']
[12.850s] Level 1:colcon.colcon_core.package_identification:_identify(hyrian_node) by extension 'colcon_pkg'
[12.850s] Level 1:colcon.colcon_core.package_identification:_identify(hyrian_node) by extensions ['colcon_meta']
[12.850s] Level 1:colcon.colcon_core.package_identification:_identify(hyrian_node) by extension 'colcon_meta'
[12.850s] Level 1:colcon.colcon_core.package_identification:_identify(hyrian_node) by extensions ['ros']
[12.850s] Level 1:colcon.colcon_core.package_identification:_identify(hyrian_node) by extension 'ros'
[12.853s] DEBUG:colcon.colcon_core.package_identification:Package 'hyrian_node' with type 'ros.ament_cmake' and name 'hyrian_node'
[12.854s] Level 1:colcon.colcon_core.package_identification:_identify(hyrian_sensor) by extensions ['ignore', 'ignore_ament_install']
[12.854s] Level 1:colcon.colcon_core.package_identification:_identify(hyrian_sensor) by extension 'ignore'
[12.854s] Level 1:colcon.colcon_core.package_identification:_identify(hyrian_sensor) by extension 'ignore_ament_install'
[12.854s] Level 1:colcon.colcon_core.package_identification:_identify(hyrian_sensor) by extensions ['colcon_pkg']
[12.855s] Level 1:colcon.colcon_core.package_identification:_identify(hyrian_sensor) by extension 'colcon_pkg'
[12.855s] Level 1:colcon.colcon_core.package_identification:_identify(hyrian_sensor) by extensions ['colcon_meta']
[12.855s] Level 1:colcon.colcon_core.package_identification:_identify(hyrian_sensor) by extension 'colcon_meta'
[12.855s] Level 1:colcon.colcon_core.package_identification:_identify(hyrian_sensor) by extensions ['ros']
[12.855s] Level 1:colcon.colcon_core.package_identification:_identify(hyrian_sensor) by extension 'ros'
[12.856s] Level 1:colcon.colcon_core.package_identification:_identify(hyrian_sensor) by extensions ['cmake', 'python']
[12.856s] Level 1:colcon.colcon_core.package_identification:_identify(hyrian_sensor) by extension 'cmake'
[12.856s] Level 1:colcon.colcon_core.package_identification:_identify(hyrian_sensor) by extension 'python'
[12.856s] Level 1:colcon.colcon_core.package_identification:_identify(hyrian_sensor) by extensions ['python_setup_py']
[12.856s] Level 1:colcon.colcon_core.package_identification:_identify(hyrian_sensor) by extension 'python_setup_py'
[12.857s] Level 1:colcon.colcon_core.package_identification:_identify(hyrian_sensor/hyrian_imu) by extensions ['ignore', 'ignore_ament_install']
[12.857s] Level 1:colcon.colcon_core.package_identification:_identify(hyrian_sensor/hyrian_imu) by extension 'ignore'
[12.857s] Level 1:colcon.colcon_core.package_identification:_identify(hyrian_sensor/hyrian_imu) by extension 'ignore_ament_install'
[12.857s] Level 1:colcon.colcon_core.package_identification:_identify(hyrian_sensor/hyrian_imu) by extensions ['colcon_pkg']
[12.857s] Level 1:colcon.colcon_core.package_identification:_identify(hyrian_sensor/hyrian_imu) by extension 'colcon_pkg'
[12.858s] Level 1:colcon.colcon_core.package_identification:_identify(hyrian_sensor/hyrian_imu) by extensions ['colcon_meta']
[12.858s] Level 1:colcon.colcon_core.package_identification:_identify(hyrian_sensor/hyrian_imu) by extension 'colcon_meta'
[12.858s] Level 1:colcon.colcon_core.package_identification:_identify(hyrian_sensor/hyrian_imu) by extensions ['ros']
[12.858s] Level 1:colcon.colcon_core.package_identification:_identify(hyrian_sensor/hyrian_imu) by extension 'ros'
[12.862s] DEBUG:colcon.colcon_core.package_identification:Package 'hyrian_sensor/hyrian_imu' with type 'ros.ament_cmake' and name 'hyrian_imu'
[12.863s] Level 1:colcon.colcon_core.package_identification:_identify(hyrian_sensor/hyrian_lidar) by extensions ['ignore', 'ignore_ament_install']
[12.863s] Level 1:colcon.colcon_core.package_identification:_identify(hyrian_sensor/hyrian_lidar) by extension 'ignore'
[12.863s] Level 1:colcon.colcon_core.package_identification:_identify(hyrian_sensor/hyrian_lidar) by extension 'ignore_ament_install'
[12.864s] Level 1:colcon.colcon_core.package_identification:_identify(hyrian_sensor/hyrian_lidar) by extensions ['colcon_pkg']
[12.864s] Level 1:colcon.colcon_core.package_identification:_identify(hyrian_sensor/hyrian_lidar) by extension 'colcon_pkg'
[12.864s] Level 1:colcon.colcon_core.package_identification:_identify(hyrian_sensor/hyrian_lidar) by extensions ['colcon_meta']
[12.864s] Level 1:colcon.colcon_core.package_identification:_identify(hyrian_sensor/hyrian_lidar) by extension 'colcon_meta'
[12.864s] Level 1:colcon.colcon_core.package_identification:_identify(hyrian_sensor/hyrian_lidar) by extensions ['ros']
[12.864s] Level 1:colcon.colcon_core.package_identification:_identify(hyrian_sensor/hyrian_lidar) by extension 'ros'
[12.866s] DEBUG:colcon.colcon_core.package_identification:Package 'hyrian_sensor/hyrian_lidar' with type 'ros.ament_cmake' and name 'hyrian_lidar'
[12.866s] Level 1:colcon.colcon_core.package_identification:_identify(hyrian_sensor/hyrian_sensor) by extensions ['ignore', 'ignore_ament_install']
[12.867s] Level 1:colcon.colcon_core.package_identification:_identify(hyrian_sensor/hyrian_sensor) by extension 'ignore'
[12.867s] Level 1:colcon.colcon_core.package_identification:_identify(hyrian_sensor/hyrian_sensor) by extension 'ignore_ament_install'
[12.867s] Level 1:colcon.colcon_core.package_identification:_identify(hyrian_sensor/hyrian_sensor) by extensions ['colcon_pkg']
[12.867s] Level 1:colcon.colcon_core.package_identification:_identify(hyrian_sensor/hyrian_sensor) by extension 'colcon_pkg'
[12.867s] Level 1:colcon.colcon_core.package_identification:_identify(hyrian_sensor/hyrian_sensor) by extensions ['colcon_meta']
[12.868s] Level 1:colcon.colcon_core.package_identification:_identify(hyrian_sensor/hyrian_sensor) by extension 'colcon_meta'
[12.868s] Level 1:colcon.colcon_core.package_identification:_identify(hyrian_sensor/hyrian_sensor) by extensions ['ros']
[12.868s] Level 1:colcon.colcon_core.package_identification:_identify(hyrian_sensor/hyrian_sensor) by extension 'ros'
[12.871s] DEBUG:colcon.colcon_core.package_identification:Package 'hyrian_sensor/hyrian_sensor' with type 'ros.ament_cmake' and name 'hyrian_sensor'
[12.871s] Level 1:colcon.colcon_core.package_identification:_identify(hyrian_teleop) by extensions ['ignore', 'ignore_ament_install']
[12.871s] Level 1:colcon.colcon_core.package_identification:_identify(hyrian_teleop) by extension 'ignore'
[12.871s] Level 1:colcon.colcon_core.package_identification:_identify(hyrian_teleop) by extension 'ignore_ament_install'
[12.872s] Level 1:colcon.colcon_core.package_identification:_identify(hyrian_teleop) by extensions ['colcon_pkg']
[12.872s] Level 1:colcon.colcon_core.package_identification:_identify(hyrian_teleop) by extension 'colcon_pkg'
[12.872s] Level 1:colcon.colcon_core.package_identification:_identify(hyrian_teleop) by extensions ['colcon_meta']
[12.872s] Level 1:colcon.colcon_core.package_identification:_identify(hyrian_teleop) by extension 'colcon_meta'
[12.872s] Level 1:colcon.colcon_core.package_identification:_identify(hyrian_teleop) by extensions ['ros']
[12.873s] Level 1:colcon.colcon_core.package_identification:_identify(hyrian_teleop) by extension 'ros'
[12.874s] DEBUG:colcon.colcon_core.package_identification:Package 'hyrian_teleop' with type 'ros.ament_python' and name 'hyrian_teleop'
[12.875s] Level 1:colcon.colcon_core.package_identification:_identify(hyrian_track) by extensions ['ignore', 'ignore_ament_install']
[12.875s] Level 1:colcon.colcon_core.package_identification:_identify(hyrian_track) by extension 'ignore'
[12.875s] Level 1:colcon.colcon_core.package_identification:_identify(hyrian_track) by extension 'ignore_ament_install'
[12.875s] Level 1:colcon.colcon_core.package_identification:_identify(hyrian_track) by extensions ['colcon_pkg']
[12.876s] Level 1:colcon.colcon_core.package_identification:_identify(hyrian_track) by extension 'colcon_pkg'
[12.876s] Level 1:colcon.colcon_core.package_identification:_identify(hyrian_track) by extensions ['colcon_meta']
[12.876s] Level 1:colcon.colcon_core.package_identification:_identify(hyrian_track) by extension 'colcon_meta'
[12.876s] Level 1:colcon.colcon_core.package_identification:_identify(hyrian_track) by extensions ['ros']
[12.876s] Level 1:colcon.colcon_core.package_identification:_identify(hyrian_track) by extension 'ros'
[12.879s] DEBUG:colcon.colcon_core.package_identification:Package 'hyrian_track' with type 'ros.ament_cmake' and name 'hyrian_track'
[12.880s] Level 1:colcon.colcon_core.package_identification:_identify(install) by extensions ['ignore', 'ignore_ament_install']
[12.880s] Level 1:colcon.colcon_core.package_identification:_identify(install) by extension 'ignore'
[12.880s] Level 1:colcon.colcon_core.package_identification:_identify(install) ignored
[12.881s] Level 1:colcon.colcon_core.package_identification:_identify(log) by extensions ['ignore', 'ignore_ament_install']
[12.881s] Level 1:colcon.colcon_core.package_identification:_identify(log) by extension 'ignore'
[12.881s] Level 1:colcon.colcon_core.package_identification:_identify(log) ignored
[12.881s] Level 1:colcon.colcon_core.package_discovery:discover_packages(recursive) using defaults
[12.881s] Level 1:colcon.colcon_core.package_discovery:discover_packages(ignore) discover
[12.882s] Level 1:colcon.colcon_core.package_discovery:discover_packages(ignore) using defaults
[12.882s] Level 1:colcon.colcon_core.package_discovery:discover_packages(path) discover
[12.882s] Level 1:colcon.colcon_core.package_discovery:discover_packages(path) using defaults
[13.592s] INFO:colcon.colcon_core.package_selection:Skipping not selected package 'hyrian_cartographer' in 'hyrian_cartographer'
[13.593s] INFO:colcon.colcon_core.package_selection:Skipping not selected package 'hyrian_description' in 'hyrian_description'
[13.593s] INFO:colcon.colcon_core.package_selection:Skipping not selected package 'hyrian_gazebo' in 'hyrian_gazebo'
[13.593s] INFO:colcon.colcon_core.package_selection:Skipping not selected package 'hyrian_imu' in 'hyrian_sensor/hyrian_imu'
[13.593s] INFO:colcon.colcon_core.package_selection:Skipping not selected package 'hyrian_interfaces' in 'hyrian_interfaces'
[13.593s] INFO:colcon.colcon_core.package_selection:Skipping not selected package 'hyrian_lidar' in 'hyrian_sensor/hyrian_lidar'
[13.593s] INFO:colcon.colcon_core.package_selection:Skipping not selected package 'hyrian_node' in 'hyrian_node'
[13.594s] INFO:colcon.colcon_core.package_selection:Skipping not selected package 'hyrian_teleop' in 'hyrian_teleop'
[13.594s] INFO:colcon.colcon_core.package_selection:Skipping not selected package 'hyrian_bringup' in 'hyrian_bringup'
[13.594s] INFO:colcon.colcon_core.package_selection:Skipping not selected package 'hyrian_motion' in 'hyrian_motion'
[13.594s] INFO:colcon.colcon_core.package_selection:Skipping not selected package 'hyrian_navigation2' in 'hyrian_navigation2'
[13.594s] INFO:colcon.colcon_core.package_selection:Skipping not selected package 'hyrian_sensor' in 'hyrian_sensor/hyrian_sensor'
[14.004s] Level 1:colcon.colcon_core.package_discovery:discover_packages(prefix_path) check parameters
[14.005s] Level 1:colcon.colcon_core.package_discovery:discover_packages(prefix_path) discover
[14.422s] DEBUG:colcon.colcon_installed_package_information.package_discovery:Found 15 installed packages in /home/jetson/robot_ws/install
[14.631s] DEBUG:colcon.colcon_installed_package_information.package_discovery:Found 260 installed packages in /opt/ros/foxy
[14.639s] Level 1:colcon.colcon_core.package_discovery:discover_packages(prefix_path) using defaults
[15.456s] Level 5:colcon.colcon_core.verb:set package 'hyrian_track' build argument 'cmake_args' from command line to 'None'
[15.456s] Level 5:colcon.colcon_core.verb:set package 'hyrian_track' build argument 'cmake_target' from command line to 'None'
[15.456s] Level 5:colcon.colcon_core.verb:set package 'hyrian_track' build argument 'cmake_target_skip_unavailable' from command line to 'False'
[15.456s] Level 5:colcon.colcon_core.verb:set package 'hyrian_track' build argument 'cmake_clean_cache' from command line to 'False'
[15.456s] Level 5:colcon.colcon_core.verb:set package 'hyrian_track' build argument 'cmake_clean_first' from command line to 'False'
[15.457s] Level 5:colcon.colcon_core.verb:set package 'hyrian_track' build argument 'cmake_force_configure' from command line to 'False'
[15.457s] Level 5:colcon.colcon_core.verb:set package 'hyrian_track' build argument 'ament_cmake_args' from command line to 'None'
[15.457s] Level 5:colcon.colcon_core.verb:set package 'hyrian_track' build argument 'catkin_cmake_args' from command line to 'None'
[15.457s] Level 5:colcon.colcon_core.verb:set package 'hyrian_track' build argument 'catkin_skip_building_tests' from command line to 'False'
[15.457s] DEBUG:colcon.colcon_core.verb:Building package 'hyrian_track' with the following arguments: {'ament_cmake_args': None, 'build_base': '/home/jetson/robot_ws/src/hyrian_foxy/build/hyrian_track', 'catkin_cmake_args': None, 'catkin_skip_building_tests': False, 'cmake_args': None, 'cmake_clean_cache': False, 'cmake_clean_first': False, 'cmake_force_configure': False, 'cmake_target': None, 'cmake_target_skip_unavailable': False, 'install_base': '/home/jetson/robot_ws/src/hyrian_foxy/install/hyrian_track', 'merge_install': False, 'path': '/home/jetson/robot_ws/src/hyrian_foxy/hyrian_track', 'symlink_install': False, 'test_result_base': None}
[15.669s] INFO:colcon.colcon_core.executor:Executing jobs using 'parallel' executor
[15.894s] DEBUG:colcon.colcon_parallel_executor.executor.parallel:run_until_complete
[15.895s] INFO:colcon.colcon_ros.task.ament_cmake.build:Building ROS package in '/home/jetson/robot_ws/src/hyrian_foxy/hyrian_track' with build type 'ament_cmake'
[15.896s] INFO:colcon.colcon_cmake.task.cmake.build:Building CMake package in '/home/jetson/robot_ws/src/hyrian_foxy/hyrian_track'
[16.157s] INFO:colcon.colcon_core.plugin_system:Skipping extension 'colcon_core.shell.bat': Not used on non-Windows systems
[16.157s] INFO:colcon.colcon_core.shell:Skip shell extension 'powershell' for command environment: Not usable outside of PowerShell
[16.157s] DEBUG:colcon.colcon_core.shell:Skip shell extension 'dsv' for command environment
[16.869s] DEBUG:colcon.colcon_core.event_handler.log_command:Invoking command in '/home/jetson/robot_ws/src/hyrian_foxy/build/hyrian_track': CMAKE_PREFIX_PATH=${CMAKE_PREFIX_PATH}:/home/jetson/robot_ws/install/hyrian_teleop:/home/jetson/robot_ws/install/hyrian_description:/opt/ros/foxy /usr/bin/cmake /home/jetson/robot_ws/src/hyrian_foxy/hyrian_track -DCMAKE_INSTALL_PREFIX=/home/jetson/robot_ws/src/hyrian_foxy/install/hyrian_track
[33.249s] DEBUG:colcon.colcon_core.event_handler.log_command:Invoked command in '/home/jetson/robot_ws/src/hyrian_foxy/build/hyrian_track' returned '0': CMAKE_PREFIX_PATH=${CMAKE_PREFIX_PATH}:/home/jetson/robot_ws/install/hyrian_teleop:/home/jetson/robot_ws/install/hyrian_description:/opt/ros/foxy /usr/bin/cmake /home/jetson/robot_ws/src/hyrian_foxy/hyrian_track -DCMAKE_INSTALL_PREFIX=/home/jetson/robot_ws/src/hyrian_foxy/install/hyrian_track
[33.252s] DEBUG:colcon.colcon_core.event_handler.log_command:Invoking command in '/home/jetson/robot_ws/src/hyrian_foxy/build/hyrian_track': CMAKE_PREFIX_PATH=${CMAKE_PREFIX_PATH}:/home/jetson/robot_ws/install/hyrian_teleop:/home/jetson/robot_ws/install/hyrian_description:/opt/ros/foxy /usr/bin/cmake --build /home/jetson/robot_ws/src/hyrian_foxy/build/hyrian_track -- -j4 -l4
[60.854s] DEBUG:colcon.colcon_core.event_handler.log_command:Invoked command in '/home/jetson/robot_ws/src/hyrian_foxy/build/hyrian_track' returned '2': CMAKE_PREFIX_PATH=${CMAKE_PREFIX_PATH}:/home/jetson/robot_ws/install/hyrian_teleop:/home/jetson/robot_ws/install/hyrian_description:/opt/ros/foxy /usr/bin/cmake --build /home/jetson/robot_ws/src/hyrian_foxy/build/hyrian_track -- -j4 -l4
[61.167s] Level 1:colcon.colcon_core.environment:create_environment_scripts_only(hyrian_track)
[61.394s] Level 1:colcon.colcon_core.environment:checking '/home/jetson/robot_ws/src/hyrian_foxy/install/hyrian_track' for CMake module files
[61.395s] Level 1:colcon.colcon_core.environment:checking '/home/jetson/robot_ws/src/hyrian_foxy/install/hyrian_track' for CMake config files
[61.397s] Level 1:colcon.colcon_core.environment:checking '/home/jetson/robot_ws/src/hyrian_foxy/install/hyrian_track/bin'
[61.397s] Level 1:colcon.colcon_core.environment:checking '/home/jetson/robot_ws/src/hyrian_foxy/install/hyrian_track/lib/pkgconfig/hyrian_track.pc'
[61.398s] Level 1:colcon.colcon_core.environment:checking '/home/jetson/robot_ws/src/hyrian_foxy/install/hyrian_track/lib/python3.8/site-packages'
[61.399s] Level 1:colcon.colcon_core.environment:checking '/home/jetson/robot_ws/src/hyrian_foxy/install/hyrian_track/bin'
[61.618s] INFO:colcon.colcon_core.shell:Creating package script '/home/jetson/robot_ws/src/hyrian_foxy/install/hyrian_track/share/hyrian_track/package.ps1'
[61.622s] INFO:colcon.colcon_core.shell:Creating package descriptor '/home/jetson/robot_ws/src/hyrian_foxy/install/hyrian_track/share/hyrian_track/package.dsv'
[61.624s] INFO:colcon.colcon_core.shell:Creating package script '/home/jetson/robot_ws/src/hyrian_foxy/install/hyrian_track/share/hyrian_track/package.sh'
[61.627s] INFO:colcon.colcon_core.shell:Creating package script '/home/jetson/robot_ws/src/hyrian_foxy/install/hyrian_track/share/hyrian_track/package.bash'
[61.630s] INFO:colcon.colcon_core.shell:Creating package script '/home/jetson/robot_ws/src/hyrian_foxy/install/hyrian_track/share/hyrian_track/package.zsh'
[61.633s] Level 1:colcon.colcon_core.environment:create_file_with_runtime_dependencies(/home/jetson/robot_ws/src/hyrian_foxy/install/hyrian_track/share/colcon-core/packages/hyrian_track)
[61.644s] DEBUG:colcon.colcon_parallel_executor.executor.parallel:closing loop
[61.645s] DEBUG:colcon.colcon_parallel_executor.executor.parallel:loop closed
[61.646s] DEBUG:colcon.colcon_parallel_executor.executor.parallel:run_until_complete finished with '2'
[61.646s] DEBUG:colcon.colcon_core.event_reactor:joining thread
[61.955s] INFO:colcon.colcon_core.plugin_system:Skipping extension 'colcon_notification.desktop_notification.terminal_notifier': Not used on non-Darwin systems
[61.955s] INFO:colcon.colcon_core.plugin_system:Skipping extension 'colcon_notification.desktop_notification.win32': Not used on non-Windows systems
[61.956s] INFO:colcon.colcon_notification.desktop_notification:Sending desktop notification using 'notify2'
[62.017s] DEBUG:colcon.colcon_core.event_reactor:joined thread
[62.254s] INFO:colcon.colcon_core.shell:Creating prefix script '/home/jetson/robot_ws/src/hyrian_foxy/install/local_setup.ps1'
[62.259s] INFO:colcon.colcon_core.shell:Creating prefix util module '/home/jetson/robot_ws/src/hyrian_foxy/install/_local_setup_util_ps1.py'
[62.265s] INFO:colcon.colcon_core.shell:Creating prefix chain script '/home/jetson/robot_ws/src/hyrian_foxy/install/setup.ps1'
[62.481s] INFO:colcon.colcon_core.shell:Creating prefix script '/home/jetson/robot_ws/src/hyrian_foxy/install/local_setup.sh'
[62.484s] INFO:colcon.colcon_core.shell:Creating prefix util module '/home/jetson/robot_ws/src/hyrian_foxy/install/_local_setup_util_sh.py'
[62.486s] INFO:colcon.colcon_core.shell:Creating prefix chain script '/home/jetson/robot_ws/src/hyrian_foxy/install/setup.sh'
[62.709s] INFO:colcon.colcon_core.shell:Creating prefix script '/home/jetson/robot_ws/src/hyrian_foxy/install/local_setup.bash'
[62.711s] INFO:colcon.colcon_core.shell:Creating prefix chain script '/home/jetson/robot_ws/src/hyrian_foxy/install/setup.bash'
[62.933s] INFO:colcon.colcon_core.shell:Creating prefix script '/home/jetson/robot_ws/src/hyrian_foxy/install/local_setup.zsh'
[62.935s] INFO:colcon.colcon_core.shell:Creating prefix chain script '/home/jetson/robot_ws/src/hyrian_foxy/install/setup.zsh'
